#
# There is insufficient memory for the Java Runtime Environment to continue.
# Native memory allocation (malloc) failed to allocate 1070416 bytes for Chunk::new
# Possible reasons:
#   The system is out of physical RAM or swap space
#   In 32 bit mode, the process size limit was hit
# Possible solutions:
#   Reduce memory load on the system
#   Increase physical memory or swap space
#   Check if swap backing store is full
#   Use 64 bit Java on a 64 bit OS
#   Decrease Java heap size (-Xmx/-Xms)
#   Decrease number of Java threads
#   Decrease Java thread stack sizes (-Xss)
#   Set larger code cache with -XX:ReservedCodeCacheSize=
# This output file may be truncated or incomplete.
#
#  Out of Memory Error (allocation.cpp:390), pid=1516, tid=0x00000000000027b4
#
# JRE version: Java(TM) SE Runtime Environment (8.0_111-b14) (build 1.8.0_111-b14)
# Java VM: Java HotSpot(TM) 64-Bit Server VM (25.111-b14 mixed mode windows-amd64 compressed oops)
# Failed to write core dump. Minidumps are not enabled by default on client versions of Windows
#

---------------  T H R E A D  ---------------

Current thread (0x0000000018c4d000):  JavaThread "C2 CompilerThread1" daemon [_thread_in_native, id=10164, stack(0x0000000019fe0000,0x000000001a0e0000)]

Stack: [0x0000000019fe0000,0x000000001a0e0000]
[error occurred during error reporting (printing stack bounds), id 0xc0000005]

Native frames: (J=compiled Java code, j=interpreted, Vv=VM code, C=native code)


Current CompileTask:
C2:  26692 6669       4       org.springframework.core.type.classreading.AnnotationAttributesReadingVisitor::visitEnd (227 bytes)


---------------  P R O C E S S  ---------------

Java Threads: ( => current thread )
  0x000000001ecdb000 JavaThread "Abandoned connection cleanup thread" daemon [_thread_blocked, id=9376, stack(0x0000000023c60000,0x0000000023d60000)]
  0x000000001ecda000 JavaThread "container-0" [_thread_blocked, id=8836, stack(0x0000000023a20000,0x0000000023b20000)]
  0x000000001ecd9800 JavaThread "ContainerBackgroundProcessor[StandardEngine[Tomcat]]" daemon [_thread_blocked, id=9308, stack(0x00000000238c0000,0x00000000239c0000)]
  0x000000001ecd8800 JavaThread "localhost-startStop-1" daemon [_thread_blocked, id=7592, stack(0x000000001c9a0000,0x000000001caa0000)]
  0x000000001ecd8000 JavaThread "Tomcat-startStop-1" daemon [_thread_blocked, id=6304, stack(0x0000000023580000,0x0000000023680000)]
  0x000000001c3a1000 JavaThread "restartedMain" [_thread_in_vm, id=8344, stack(0x000000001c560000,0x000000001c660000)]
  0x000000001c3a0000 JavaThread "Thread-1" [_thread_blocked, id=224, stack(0x000000001ddd0000,0x000000001ded0000)]
  0x000000001b697000 JavaThread "RMI TCP Accept-0" daemon [_thread_in_native, id=8584, stack(0x000000001c870000,0x000000001c970000)]
  0x000000001b695000 JavaThread "RMI TCP Accept-52119" daemon [_thread_in_native, id=7284, stack(0x000000001c690000,0x000000001c790000)]
  0x000000001b694000 JavaThread "RMI TCP Accept-0" daemon [_thread_in_native, id=4972, stack(0x000000001ac00000,0x000000001ad00000)]
  0x0000000018ccb000 JavaThread "Service Thread" daemon [_thread_blocked, id=7052, stack(0x000000001a940000,0x000000001aa40000)]
  0x0000000018cae000 JavaThread "C1 CompilerThread3" daemon [_thread_blocked, id=7172, stack(0x000000001a570000,0x000000001a670000)]
  0x0000000018c59800 JavaThread "C2 CompilerThread2" daemon [_thread_in_native, id=9120, stack(0x000000001a710000,0x000000001a810000)]
=>0x0000000018c4d000 JavaThread "C2 CompilerThread1" daemon [_thread_in_native, id=10164, stack(0x0000000019fe0000,0x000000001a0e0000)]
  0x0000000018c47000 JavaThread "C2 CompilerThread0" daemon [_thread_blocked, id=8764, stack(0x000000001a430000,0x000000001a530000)]
  0x0000000018c44000 JavaThread "Attach Listener" daemon [_thread_blocked, id=8532, stack(0x000000001a230000,0x000000001a330000)]
  0x0000000018c3e800 JavaThread "Signal Dispatcher" daemon [_thread_blocked, id=6904, stack(0x000000001a110000,0x000000001a210000)]
  0x0000000017c98000 JavaThread "Finalizer" daemon [_thread_blocked, id=8848, stack(0x0000000019ee0000,0x0000000019fe0000)]
  0x0000000017c91000 JavaThread "Reference Handler" daemon [_thread_blocked, id=9932, stack(0x0000000019bc0000,0x0000000019cc0000)]
  0x000000000232d800 JavaThread "main" [_thread_blocked, id=6452, stack(0x00000000025d0000,0x00000000026d0000)]

Other Threads:
  0x0000000018be2800 VMThread [stack: 0x0000000019cf0000,0x0000000019df0000] [id=5512]
  0x000000001b605800 WatcherThread [stack: 0x000000001caa0000,0x000000001cba0000] [id=8812]

VM state:not at safepoint (normal execution)

VM Mutex/Monitor currently owned by a thread: None

Heap:
 PSYoungGen      total 504320K, used 416050K [0x00000000d5d00000, 0x00000000f6d00000, 0x0000000100000000)
  eden space 487424K, 85% used [0x00000000d5d00000,0x00000000ef34c820,0x00000000f3900000)
  from space 16896K, 0% used [0x00000000f5c80000,0x00000000f5c80000,0x00000000f6d00000)
  to   space 26624K, 0% used [0x00000000f3900000,0x00000000f3900000,0x00000000f5300000)
 ParOldGen       total 76800K, used 37302K [0x0000000081600000, 0x0000000086100000, 0x00000000d5d00000)
  object space 76800K, 48% used [0x0000000081600000,0x0000000083a6da80,0x0000000086100000)
 Metaspace       used 54645K, capacity 55180K, committed 55512K, reserved 1097728K
  class space    used 6701K, capacity 6860K, committed 6912K, reserved 1048576K

Card table byte_map: [0x0000000011d60000,0x0000000012160000] byte_map_base: 0x0000000011955000

Marking Bits: (ParMarkBitMap*) 0x0000000057e9a6c0
 Begin Bits: [0x0000000012f50000, 0x0000000014ef8000)
 End Bits:   [0x0000000014ef8000, 0x0000000016ea0000)

Polling page: 0x0000000000330000

CodeCache: size=245760Kb used=23723Kb max_used=23734Kb free=222036Kb
 bounds [0x00000000029a0000, 0x00000000040f0000, 0x00000000119a0000]
 total_blobs=6400 nmethods=5867 adapters=445
 compilation: enabled

Compilation events (10 events):
Event: 26.624 Thread 0x0000000018c47000 6716       4       org.hibernate.annotations.common.reflection.java.JavaXClass::getName (8 bytes)
Event: 26.625 Thread 0x0000000018c47000 nmethod 6716 0x00000000040962d0 code [0x0000000004096420, 0x00000000040964e8]
Event: 26.625 Thread 0x0000000018c47000 6729       4       org.hibernate.boot.model.naming.Identifier::toIdentifier (53 bytes)
Event: 26.625 Thread 0x0000000018cae000 6730       3       org.hibernate.boot.internal.InFlightMetadataCollectorImpl$TableColumnNameBinding::<init> (37 bytes)
Event: 26.625 Thread 0x0000000018cae000 nmethod 6730 0x0000000004098990 code [0x0000000004098b20, 0x0000000004099010]
Event: 26.627 Thread 0x0000000018cae000 6732   !   3       org.hibernate.boot.registry.classloading.internal.ClassLoaderServiceImpl$AggregatedClassLoader::findClass (70 bytes)
Event: 26.628 Thread 0x0000000018c59800 nmethod 6713 0x0000000004096fd0 code [0x0000000004097100, 0x0000000004097398]
Event: 26.628 Thread 0x0000000018c59800 6731       4       org.hibernate.cfg.AnnotationBinder::addProperty (538 bytes)
Event: 26.628 Thread 0x0000000018cae000 nmethod 6732 0x0000000004097890 code [0x0000000004097a80, 0x0000000004098448]
Event: 26.634 Thread 0x0000000018cae000 6733       3       org.hibernate.boot.internal.InFlightMetadataCollectorImpl::addClassType (77 bytes)

GC Heap History (10 events):
Event: 14.862 GC heap before
{Heap before GC invocations=11 (full 1):
 PSYoungGen      total 241664K, used 85389K [0x00000000d5d00000, 0x00000000ec180000, 0x0000000100000000)
  eden space 228864K, 31% used [0x00000000d5d00000,0x00000000da3e8c40,0x00000000e3c80000)
  from space 12800K, 99% used [0x00000000e3c80000,0x00000000e48fa900,0x00000000e4900000)
  to   space 16384K, 0% used [0x00000000eb180000,0x00000000eb180000,0x00000000ec180000)
 ParOldGen       total 56320K, used 16633K [0x0000000081600000, 0x0000000084d00000, 0x00000000d5d00000)
  object space 56320K, 29% used [0x0000000081600000,0x000000008263e600,0x0000000084d00000)
 Metaspace       used 34795K, capacity 35160K, committed 35416K, reserved 1081344K
  class space    used 4387K, capacity 4478K, committed 4480K, reserved 1048576K
Event: 14.919 GC heap after
Heap after GC invocations=11 (full 1):
 PSYoungGen      total 349696K, used 7505K [0x00000000d5d00000, 0x00000000ec480000, 0x0000000100000000)
  eden space 333312K, 0% used [0x00000000d5d00000,0x00000000d5d00000,0x00000000ea280000)
  from space 16384K, 45% used [0x00000000eb180000,0x00000000eb8d4778,0x00000000ec180000)
  to   space 15360K, 0% used [0x00000000ea280000,0x00000000ea280000,0x00000000eb180000)
 ParOldGen       total 56320K, used 23591K [0x0000000081600000, 0x0000000084d00000, 0x00000000d5d00000)
  object space 56320K, 41% used [0x0000000081600000,0x0000000082d09e90,0x0000000084d00000)
 Metaspace       used 34795K, capacity 35160K, committed 35416K, reserved 1081344K
  class space    used 4387K, capacity 4478K, committed 4480K, reserved 1048576K
}
Event: 14.919 GC heap before
{Heap before GC invocations=12 (full 2):
 PSYoungGen      total 349696K, used 7505K [0x00000000d5d00000, 0x00000000ec480000, 0x0000000100000000)
  eden space 333312K, 0% used [0x00000000d5d00000,0x00000000d5d00000,0x00000000ea280000)
  from space 16384K, 45% used [0x00000000eb180000,0x00000000eb8d4778,0x00000000ec180000)
  to   space 15360K, 0% used [0x00000000ea280000,0x00000000ea280000,0x00000000eb180000)
 ParOldGen       total 56320K, used 23591K [0x0000000081600000, 0x0000000084d00000, 0x00000000d5d00000)
  object space 56320K, 41% used [0x0000000081600000,0x0000000082d09e90,0x0000000084d00000)
 Metaspace       used 34795K, capacity 35160K, committed 35416K, reserved 1081344K
  class space    used 4387K, capacity 4478K, committed 4480K, reserved 1048576K
Event: 15.015 GC heap after
Heap after GC invocations=12 (full 2):
 PSYoungGen      total 349696K, used 0K [0x00000000d5d00000, 0x00000000ec480000, 0x0000000100000000)
  eden space 333312K, 0% used [0x00000000d5d00000,0x00000000d5d00000,0x00000000ea280000)
  from space 16384K, 0% used [0x00000000eb180000,0x00000000eb180000,0x00000000ec180000)
  to   space 15360K, 0% used [0x00000000ea280000,0x00000000ea280000,0x00000000eb180000)
 ParOldGen       total 76800K, used 22776K [0x0000000081600000, 0x0000000086100000, 0x00000000d5d00000)
  object space 76800K, 29% used [0x0000000081600000,0x0000000082c3e308,0x0000000086100000)
 Metaspace       used 34795K, capacity 35160K, committed 35416K, reserved 1081344K
  class space    used 4387K, capacity 4478K, committed 4480K, reserved 1048576K
}
Event: 16.975 GC heap before
{Heap before GC invocations=13 (full 2):
 PSYoungGen      total 349696K, used 333312K [0x00000000d5d00000, 0x00000000ec480000, 0x0000000100000000)
  eden space 333312K, 100% used [0x00000000d5d00000,0x00000000ea280000,0x00000000ea280000)
  from space 16384K, 0% used [0x00000000eb180000,0x00000000eb180000,0x00000000ec180000)
  to   space 15360K, 0% used [0x00000000ea280000,0x00000000ea280000,0x00000000eb180000)
 ParOldGen       total 76800K, used 22776K [0x0000000081600000, 0x0000000086100000, 0x00000000d5d00000)
  object space 76800K, 29% used [0x0000000081600000,0x0000000082c3e308,0x0000000086100000)
 Metaspace       used 37866K, capacity 38308K, committed 38616K, reserved 1083392K
  class space    used 4726K, capacity 4848K, committed 4864K, reserved 1048576K
Event: 17.095 GC heap after
Heap after GC invocations=13 (full 2):
 PSYoungGen      total 348672K, used 15356K [0x00000000d5d00000, 0x00000000f7780000, 0x0000000100000000)
  eden space 333312K, 0% used [0x00000000d5d00000,0x00000000d5d00000,0x00000000ea280000)
  from space 15360K, 99% used [0x00000000ea280000,0x00000000eb17f1d8,0x00000000eb180000)
  to   space 27648K, 0% used [0x00000000f5c80000,0x00000000f5c80000,0x00000000f7780000)
 ParOldGen       total 76800K, used 49730K [0x0000000081600000, 0x0000000086100000, 0x00000000d5d00000)
  object space 76800K, 64% used [0x0000000081600000,0x00000000846909d8,0x0000000086100000)
 Metaspace       used 37866K, capacity 38308K, committed 38616K, reserved 1083392K
  class space    used 4726K, capacity 4848K, committed 4864K, reserved 1048576K
}
Event: 21.905 GC heap before
{Heap before GC invocations=14 (full 2):
 PSYoungGen      total 348672K, used 150901K [0x00000000d5d00000, 0x00000000f7780000, 0x0000000100000000)
  eden space 333312K, 40% used [0x00000000d5d00000,0x00000000de15e308,0x00000000ea280000)
  from space 15360K, 99% used [0x00000000ea280000,0x00000000eb17f1d8,0x00000000eb180000)
  to   space 27648K, 0% used [0x00000000f5c80000,0x00000000f5c80000,0x00000000f7780000)
 ParOldGen       total 76800K, used 49730K [0x0000000081600000, 0x0000000086100000, 0x00000000d5d00000)
  object space 76800K, 64% used [0x0000000081600000,0x00000000846909d8,0x0000000086100000)
 Metaspace       used 46076K, capacity 46510K, committed 46680K, reserved 1093632K
  class space    used 5837K, capacity 5975K, committed 6016K, reserved 1048576K
Event: 21.919 GC heap after
Heap after GC invocations=14 (full 2):
 PSYoungGen      total 504320K, used 8150K [0x00000000d5d00000, 0x00000000f6d00000, 0x0000000100000000)
  eden space 487424K, 0% used [0x00000000d5d00000,0x00000000d5d00000,0x00000000f3900000)
  from space 16896K, 48% used [0x00000000f5c80000,0x00000000f6475a60,0x00000000f6d00000)
  to   space 26624K, 0% used [0x00000000f3900000,0x00000000f3900000,0x00000000f5300000)
 ParOldGen       total 76800K, used 57594K [0x0000000081600000, 0x0000000086100000, 0x00000000d5d00000)
  object space 76800K, 74% used [0x0000000081600000,0x0000000084e3e9e8,0x0000000086100000)
 Metaspace       used 46076K, capacity 46510K, committed 46680K, reserved 1093632K
  class space    used 5837K, capacity 5975K, committed 6016K, reserved 1048576K
}
Event: 21.919 GC heap before
{Heap before GC invocations=15 (full 3):
 PSYoungGen      total 504320K, used 8150K [0x00000000d5d00000, 0x00000000f6d00000, 0x0000000100000000)
  eden space 487424K, 0% used [0x00000000d5d00000,0x00000000d5d00000,0x00000000f3900000)
  from space 16896K, 48% used [0x00000000f5c80000,0x00000000f6475a60,0x00000000f6d00000)
  to   space 26624K, 0% used [0x00000000f3900000,0x00000000f3900000,0x00000000f5300000)
 ParOldGen       total 76800K, used 57594K [0x0000000081600000, 0x0000000086100000, 0x00000000d5d00000)
  object space 76800K, 74% used [0x0000000081600000,0x0000000084e3e9e8,0x0000000086100000)
 Metaspace       used 46076K, capacity 46510K, committed 46680K, reserved 1093632K
  class space    used 5837K, capacity 5975K, committed 6016K, reserved 1048576K
Event: 22.227 GC heap after
Heap after GC invocations=15 (full 3):
 PSYoungGen      total 504320K, used 0K [0x00000000d5d00000, 0x00000000f6d00000, 0x0000000100000000)
  eden space 487424K, 0% used [0x00000000d5d00000,0x00000000d5d00000,0x00000000f3900000)
  from space 16896K, 0% used [0x00000000f5c80000,0x00000000f5c80000,0x00000000f6d00000)
  to   space 26624K, 0% used [0x00000000f3900000,0x00000000f3900000,0x00000000f5300000)
 ParOldGen       total 76800K, used 37302K [0x0000000081600000, 0x0000000086100000, 0x00000000d5d00000)
  object space 76800K, 48% used [0x0000000081600000,0x0000000083a6da80,0x0000000086100000)
 Metaspace       used 46076K, capacity 46510K, committed 46680K, reserved 1091584K
  class space    used 5837K, capacity 5975K, committed 6016K, reserved 1048576K
}

Deoptimization events (10 events):
Event: 25.734 Thread 0x000000001c3a1000 Uncommon trap: reason=class_check action=maybe_recompile pc=0x00000000034c0f20 method=java.lang.reflect.Array.newInstance(Ljava/lang/Class;I)Ljava/lang/Object; @ 2
Event: 25.734 Thread 0x000000001c3a1000 Uncommon trap: reason=class_check action=maybe_recompile pc=0x00000000034c0f20 method=java.lang.reflect.Array.newInstance(Ljava/lang/Class;I)Ljava/lang/Object; @ 2
Event: 25.735 Thread 0x000000001c3a1000 Uncommon trap: reason=class_check action=maybe_recompile pc=0x00000000034c0f20 method=java.lang.reflect.Array.newInstance(Ljava/lang/Class;I)Ljava/lang/Object; @ 2
Event: 25.747 Thread 0x000000001c3a1000 Uncommon trap: reason=unstable_if action=reinterpret pc=0x00000000036ff378 method=java.util.concurrent.ConcurrentHashMap.putVal(Ljava/lang/Object;Ljava/lang/Object;Z)Ljava/lang/Object; @ 331
Event: 25.748 Thread 0x000000001c3a1000 Uncommon trap: reason=unstable_if action=reinterpret pc=0x0000000003647da0 method=java.util.concurrent.ConcurrentHashMap.get(Ljava/lang/Object;)Ljava/lang/Object; @ 86
Event: 25.937 Thread 0x000000001c3a1000 Uncommon trap: reason=unstable_if action=reinterpret pc=0x0000000003f5e920 method=java.util.concurrent.ConcurrentHashMap.transfer([Ljava/util/concurrent/ConcurrentHashMap$Node;[Ljava/util/concurrent/ConcurrentHashMap$Node;)V @ 356
Event: 25.938 Thread 0x000000001c3a1000 Uncommon trap: reason=unstable_if action=reinterpret pc=0x00000000033dcad4 method=java.util.concurrent.ConcurrentHashMap.transfer([Ljava/util/concurrent/ConcurrentHashMap$Node;[Ljava/util/concurrent/ConcurrentHashMap$Node;)V @ 356
Event: 26.012 Thread 0x000000001c3a1000 Uncommon trap: reason=unstable_if action=reinterpret pc=0x00000000031d1294 method=org.springframework.util.ConcurrentReferenceHashMap$Segment.findInChain(Lorg/springframework/util/ConcurrentReferenceHashMap$Reference;Ljava/lang/Object;I)Lorg/springframewo
Event: 26.568 Thread 0x000000001c3a1000 Uncommon trap: reason=unstable_if action=reinterpret pc=0x0000000003a5286c method=org.hibernate.engine.jdbc.env.internal.NormalizingIdentifierHelperImpl.normalizeQuoting(Lorg/hibernate/boot/model/naming/Identifier;)Lorg/hibernate/boot/model/naming/Identif
Event: 26.572 Thread 0x000000001c3a1000 Uncommon trap: reason=unstable_if action=reinterpret pc=0x00000000039c3a18 method=org.hibernate.boot.internal.InFlightMetadataCollectorImpl.getDatabase()Lorg/hibernate/boot/model/relational/Database; @ 4

Internal exceptions (10 events):
Event: 26.000 Thread 0x000000001c3a1000 Exception <a 'java/lang/ClassNotFoundException': com/solverminds/klsm/dao/RoleAccessMasterRepositoryCustomizer> (0x00000000ede35430) thrown at [C:\re\workspace\8-2-build-windows-amd64-cygwin\jdk8u111\7883\hotspot\src\share\vm\classfile\systemDictionary.cp
Event: 26.007 Thread 0x000000001c3a1000 Exception <a 'java/lang/ClassNotFoundException': java/lang/ObjectCustomizer> (0x00000000ede8c4a0) thrown at [C:\re\workspace\8-2-build-windows-amd64-cygwin\jdk8u111\7883\hotspot\src\share\vm\classfile\systemDictionary.cpp, line 210]
Event: 26.008 Thread 0x000000001c3a1000 Exception <a 'java/lang/ClassNotFoundException': org/springframework/orm/hibernate5/HibernateExceptionTranslatorCustomizer> (0x00000000edece190) thrown at [C:\re\workspace\8-2-build-windows-amd64-cygwin\jdk8u111\7883\hotspot\src\share\vm\classfile\systemD
Event: 26.009 Thread 0x000000001c3a1000 Exception <a 'java/lang/ClassNotFoundException': org/springframework/orm/hibernate5/LocalSessionFactoryBeanCustomizer> (0x00000000edf0b3e0) thrown at [C:\re\workspace\8-2-build-windows-amd64-cygwin\jdk8u111\7883\hotspot\src\share\vm\classfile\systemDictio
Event: 26.013 Thread 0x000000001c3a1000 Exception <a 'java/lang/ClassNotFoundException': org/springframework/beans/factory/FactoryBeanCustomizer> (0x00000000edf84b08) thrown at [C:\re\workspace\8-2-build-windows-amd64-cygwin\jdk8u111\7883\hotspot\src\share\vm\classfile\systemDictionary.cpp, lin
Event: 26.014 Thread 0x000000001c3a1000 Exception <a 'java/lang/ClassNotFoundException': org/springframework/context/ResourceLoaderAwareCustomizer> (0x00000000edfbc4a8) thrown at [C:\re\workspace\8-2-build-windows-amd64-cygwin\jdk8u111\7883\hotspot\src\share\vm\classfile\systemDictionary.cpp, l
Event: 26.015 Thread 0x000000001c3a1000 Exception <a 'java/lang/ClassNotFoundException': org/springframework/beans/factory/InitializingBeanCustomizer> (0x00000000edff3a70) thrown at [C:\re\workspace\8-2-build-windows-amd64-cygwin\jdk8u111\7883\hotspot\src\share\vm\classfile\systemDictionary.cpp
Event: 26.016 Thread 0x000000001c3a1000 Exception <a 'java/lang/ClassNotFoundException': org/springframework/beans/factory/DisposableBeanCustomizer> (0x00000000ee027f28) thrown at [C:\re\workspace\8-2-build-windows-amd64-cygwin\jdk8u111\7883\hotspot\src\share\vm\classfile\systemDictionary.cpp, 
Event: 26.017 Thread 0x000000001c3a1000 Exception <a 'java/lang/ClassNotFoundException': org/springframework/dao/support/PersistenceExceptionTranslatorCustomizer> (0x00000000ee066988) thrown at [C:\re\workspace\8-2-build-windows-amd64-cygwin\jdk8u111\7883\hotspot\src\share\vm\classfile\systemDi
Event: 26.568 Thread 0x000000001c3a1000 Implicit null exception at 0x0000000003a52726 to 0x0000000003a52859

Events (10 events):
Event: 26.632 loading class com/solverminds/klsm/domain/entities/SafetyNonAttendees
Event: 26.632 loading class com/solverminds/klsm/domain/entities/SafetyNonAttendees done
Event: 26.632 loading class com/solverminds/klsm/domain/entities/SafetyOtherReports
Event: 26.632 loading class com/solverminds/klsm/domain/entities/SafetyOtherReports done
Event: 26.633 loading class com/solverminds/klsm/domain/entities/SafetyOutstanding
Event: 26.633 loading class com/solverminds/klsm/domain/entities/SafetyOutstanding done
Event: 26.633 loading class com/solverminds/klsm/domain/entities/SafetyRegulations
Event: 26.633 loading class com/solverminds/klsm/domain/entities/SafetyRegulations done
Event: 26.634 loading class com/solverminds/klsm/domain/entities/SafetyRiskReview
Event: 26.634 loading class com/solverminds/klsm/domain/entities/SafetyRiskReview done


Dynamic libraries:
0x000000013fda0000 - 0x000000013fdd7000 	C:\Program Files\Java\jre1.8.0_111\bin\javaw.exe
0x0000000077400000 - 0x00000000775aa000 	C:\Windows\SYSTEM32\ntdll.dll
0x00000000771e0000 - 0x00000000772ff000 	C:\Windows\system32\kernel32.dll
0x000007fefd6a0000 - 0x000007fefd70a000 	C:\Windows\system32\KERNELBASE.dll
0x000007fefdce0000 - 0x000007fefddbb000 	C:\Windows\system32\ADVAPI32.dll
0x000007fefd940000 - 0x000007fefd9df000 	C:\Windows\system32\msvcrt.dll
0x000007fefd920000 - 0x000007fefd93f000 	C:\Windows\SYSTEM32\sechost.dll
0x000007fefee60000 - 0x000007fefef8d000 	C:\Windows\system32\RPCRT4.dll
0x0000000077300000 - 0x00000000773fa000 	C:\Windows\system32\USER32.dll
0x000007fefddf0000 - 0x000007fefde57000 	C:\Windows\system32\GDI32.dll
0x000007fefdfc0000 - 0x000007fefdfce000 	C:\Windows\system32\LPK.dll
0x000007fefd9e0000 - 0x000007fefdaa9000 	C:\Windows\system32\USP10.dll
0x000007fefbd90000 - 0x000007fefbf84000 	C:\Windows\WinSxS\amd64_microsoft.windows.common-controls_6595b64144ccf1df_6.0.7601.17514_none_fa396087175ac9ac\COMCTL32.dll
0x000007feff430000 - 0x000007feff4a1000 	C:\Windows\system32\SHLWAPI.dll
0x000007fefddc0000 - 0x000007fefddee000 	C:\Windows\system32\IMM32.DLL
0x000007fefefa0000 - 0x000007feff0a9000 	C:\Windows\system32\MSCTF.dll
0x0000000057220000 - 0x00000000572f2000 	C:\Program Files\Java\jre1.8.0_111\bin\msvcr100.dll
0x0000000057680000 - 0x0000000057f1a000 	C:\Program Files\Java\jre1.8.0_111\bin\server\jvm.dll
0x000007fef8fd0000 - 0x000007fef8fd9000 	C:\Windows\system32\WSOCK32.dll
0x000007fefdc90000 - 0x000007fefdcdd000 	C:\Windows\system32\WS2_32.dll
0x000007fefef90000 - 0x000007fefef98000 	C:\Windows\system32\NSI.dll
0x000007fefb340000 - 0x000007fefb37b000 	C:\Windows\system32\WINMM.dll
0x000007fefc450000 - 0x000007fefc45c000 	C:\Windows\system32\VERSION.dll
0x00000000775d0000 - 0x00000000775d7000 	C:\Windows\system32\PSAPI.DLL
0x0000000072810000 - 0x000000007281f000 	C:\Program Files\Java\jre1.8.0_111\bin\verify.dll
0x00000000727e0000 - 0x0000000072809000 	C:\Program Files\Java\jre1.8.0_111\bin\java.dll
0x00000000727c0000 - 0x00000000727d6000 	C:\Program Files\Java\jre1.8.0_111\bin\zip.dll
0x000007fefdfd0000 - 0x000007fefed58000 	C:\Windows\system32\SHELL32.dll
0x000007fefd710000 - 0x000007fefd913000 	C:\Windows\system32\ole32.dll
0x000007fefd300000 - 0x000007fefd30f000 	C:\Windows\system32\profapi.dll
0x0000000070d30000 - 0x0000000070d3d000 	C:\Program Files\Java\jre1.8.0_111\bin\management.dll
0x00000000727a0000 - 0x00000000727ba000 	C:\Program Files\Java\jre1.8.0_111\bin\net.dll
0x000007fefcb30000 - 0x000007fefcb85000 	C:\Windows\system32\mswsock.dll
0x000007fefcb20000 - 0x000007fefcb27000 	C:\Windows\System32\wship6.dll
0x000000006c060000 - 0x000000006c071000 	C:\Program Files\Java\jre1.8.0_111\bin\nio.dll
0x000007fefb380000 - 0x000007fefb395000 	C:\Windows\system32\NLAapi.dll
0x000007fef2020000 - 0x000007fef2035000 	C:\Windows\system32\napinsp.dll
0x000007fef1cd0000 - 0x000007fef1ce9000 	C:\Windows\system32\pnrpnsp.dll
0x000007fef2010000 - 0x000007fef2020000 	C:\Windows\system32\wshbth.dll
0x000007fefc9b0000 - 0x000007fefca0b000 	C:\Windows\system32\DNSAPI.dll
0x000007fef1c90000 - 0x000007fef1c9b000 	C:\Windows\System32\winrnr.dll
0x000007fefc520000 - 0x000007fefc527000 	C:\Windows\System32\wshtcpip.dll
0x000007fefa4e0000 - 0x000007fefa507000 	C:\Windows\system32\IPHLPAPI.DLL
0x000007fefa4d0000 - 0x000007fefa4db000 	C:\Windows\system32\WINNSI.DLL
0x000007fef97d0000 - 0x000007fef97d8000 	C:\Windows\system32\rasadhlp.dll
0x000007fefa380000 - 0x000007fefa3d3000 	C:\Windows\System32\fwpuclnt.dll
0x000007fefcb90000 - 0x000007fefcba7000 	C:\Windows\system32\CRYPTSP.dll
0x000007fefc890000 - 0x000007fefc8d7000 	C:\Windows\system32\rsaenh.dll
0x000007fefc630000 - 0x000007fefc64e000 	C:\Windows\system32\USERENV.dll
0x000007fefd230000 - 0x000007fefd23f000 	C:\Windows\system32\CRYPTBASE.dll
0x000007fefa350000 - 0x000007fefa368000 	C:\Windows\system32\dhcpcsvc.DLL
0x000007fefa330000 - 0x000007fefa341000 	C:\Windows\system32\dhcpcsvc6.DLL

VM Arguments:
jvm_args: -Dcom.sun.management.jmxremote -Dcom.sun.management.jmxremote.port=52119 -Dcom.sun.management.jmxremote.authenticate=false -Dcom.sun.management.jmxremote.ssl=false -Dspring.liveBeansView.mbeanDomain -Dspring.application.admin.enabled=true -Dfile.encoding=UTF-8 
java_command: com.solverminds.klsm.Application --spring.output.ansi.enabled=always
java_class_path (initial): C:\Work\Project\sts tool\Demo\KLSM-Ship\target\classes;C:\Users\vinoth\.m2\repository\org\springframework\boot\spring-boot-starter-thymeleaf\1.4.2.RELEASE\spring-boot-starter-thymeleaf-1.4.2.RELEASE.jar;C:\Users\vinoth\.m2\repository\org\thymeleaf\thymeleaf-spring4\2.1.5.RELEASE\thymeleaf-spring4-2.1.5.RELEASE.jar;C:\Users\vinoth\.m2\repository\org\thymeleaf\thymeleaf\2.1.5.RELEASE\thymeleaf-2.1.5.RELEASE.jar;C:\Users\vinoth\.m2\repository\ognl\ognl\3.0.8\ognl-3.0.8.jar;C:\Users\vinoth\.m2\repository\org\unbescape\unbescape\1.1.0.RELEASE\unbescape-1.1.0.RELEASE.jar;C:\Users\vinoth\.m2\repository\nz\net\ultraq\thymeleaf\thymeleaf-layout-dialect\1.4.0\thymeleaf-layout-dialect-1.4.0.jar;C:\Users\vinoth\.m2\repository\org\codehaus\groovy\groovy\2.4.7\groovy-2.4.7.jar;C:\Users\vinoth\.m2\repository\org\springframework\boot\spring-boot-starter\1.4.2.RELEASE\spring-boot-starter-1.4.2.RELEASE.jar;C:\Users\vinoth\.m2\repository\org\springframework\boot\spring-boot\1.4.2.RELEASE\spring-boot-1.4.2.RELEASE.jar;C:\Users\vinoth\.m2\repository\org\springframework\boot\spring-boot-autoconfigure\1.4.2.RELEASE\spring-boot-autoconfigure-1.4.2.RELEASE.jar;C:\Users\vinoth\.m2\repository\org\springframework\spring-core\4.3.4.RELEASE\spring-core-4.3.4.RELEASE.jar;C:\Users\vinoth\.m2\repository\org\yaml\snakeyaml\1.17\snakeyaml-1.17.jar;C:\Users\vinoth\.m2\repository\org\springframework\boot\spring-boot-starter-web\1.4.2.RELEASE\spring-boot-starter-web-1.4.2.RELEASE.jar;C:\Users\vinoth\.m2\repository\org\hibernate\hibernate-validator\5.2.4.Final\hibernate-validator-5.2.4.Final.jar;C:\Users\vinoth\.m2\repository\javax\validation\validation-api\1.1.0.Final\validation-api-1.1.0.Final.jar;C:\Users\vinoth\.m2\repository\com\fasterxml\classmate\1.3.3\classmate-1.3.3.jar;C:\Users\vinoth\.m2\repository\org\springframework\spring-web\4.3.4.RELEASE\spring-web-4.3.4.RELEASE.jar;C:\Users\vinoth\.m2\repository\org\springframework\spring-webmvc\4.3.4.RELEASE\spring-webmvc-4.
Launcher Type: SUN_STANDARD

Environment Variables:
JAVA_HOME=C:\Program Files\Java\jdk1.8.0_111
JRE_HOME=C:\Program Files\Java\jre1.8.0_111
PATH=C:/Program Files/Java/jre1.8.0_111/bin/server;C:/Program Files/Java/jre1.8.0_111/bin;C:/Program Files/Java/jre1.8.0_111/lib/amd64;C:\ProgramData\Oracle\Java\javapath;C:\Windows\system32;C:\Windows;C:\Windows\System32\Wbem;C:\Windows\System32\WindowsPowerShell\v1.0\;C:\Program Files\TortoiseGit\bin;C:\Android;C:\Windows\System32;C:\Program Files (x86)\MiKTeX 2.9\miktex\bin\;C:\Program Files\Microsoft SQL Server\110\Tools\Binn\;C:\Windows\system32\config\systemprofile\.dnx\bin;C:\Program Files\Microsoft DNX\Dnvm\;C:\Program Files\Microsoft SQL Server\120\Tools\Binn\;C:\Program Files\Microsoft SQL Server\Client SDK\ODBC\110\Tools\Binn\;C:\Program Files (x86)\Microsoft SQL Server\120\Tools\Binn\;C:\Program Files\Microsoft SQL Server\120\DTS\Binn\;C:\Program Files (x86)\Microsoft SQL Server\120\Tools\Binn\ManagementStudio\;C:\Program Files (x86)\Microsoft SQL Server\120\DTS\Binn\;C:\Program Files (x86)\QuickTime\QTSystem\;C:\Program Files (x86)\Windows Kits\8.1\Windows Performance Toolkit\;C:\Program Files\MySQL\MySQL Utilities 1.6\;C:\Program Files (x86)\Skype\Phone\;C:\Windows\Microsoft.NET\Framework\v3.5;C:\Program Files (x86)\Sophos\Sophos SSL VPN Client\bin;C:\Work\Project\sts tool\sts-3.8.2.RELEASE;
USERNAME=vinoth
OS=Windows_NT
PROCESSOR_IDENTIFIER=Intel64 Family 6 Model 70 Stepping 1, GenuineIntel



---------------  S Y S T E M  ---------------

OS: Windows 7 , 64 bit Build 7601 (6.1.7601.23418)

CPU:total 8 (4 cores per cpu, 2 threads per core) family 6 model 70 stepping 1, cmov, cx8, fxsr, mmx, sse, sse2, sse3, ssse3, sse4.1, sse4.2, popcnt, avx, avx2, aes, clmul, erms, lzcnt, ht, tsc, tscinvbit, bmi1, bmi2

Memory: 4k page, physical 8295096k(286460k free), swap 9443196k(8516k free)

vm_info: Java HotSpot(TM) 64-Bit Server VM (25.111-b14) for windows-amd64 JRE (1.8.0_111-b14), built on Sep 22 2016 19:24:05 by "java_re" with MS VC++ 10.0 (VS2010)

time: Sat Mar 04 08:35:25 2017
elapsed time: 26 seconds (0d 0h 0m 26s)

