#
# There is insufficient memory for the Java Runtime Environment to continue.
# Native memory allocation (malloc) failed to allocate 1594560 bytes for Chunk::new
# Possible reasons:
#   The system is out of physical RAM or swap space
#   In 32 bit mode, the process size limit was hit
# Possible solutions:
#   Reduce memory load on the system
#   Increase physical memory or swap space
#   Check if swap backing store is full
#   Use 64 bit Java on a 64 bit OS
#   Decrease Java heap size (-Xmx/-Xms)
#   Decrease number of Java threads
#   Decrease Java thread stack sizes (-Xss)
#   Set larger code cache with -XX:ReservedCodeCacheSize=
# This output file may be truncated or incomplete.
#
#  Out of Memory Error (allocation.cpp:390), pid=8144, tid=0x00000000000027a8
#
# JRE version: Java(TM) SE Runtime Environment (8.0_111-b14) (build 1.8.0_111-b14)
# Java VM: Java HotSpot(TM) 64-Bit Server VM (25.111-b14 mixed mode windows-amd64 compressed oops)
# Failed to write core dump. Minidumps are not enabled by default on client versions of Windows
#

---------------  T H R E A D  ---------------

Current thread (0x0000000059645000):  JavaThread "C2 CompilerThread1" daemon [_thread_in_native, id=10152, stack(0x000000005ab40000,0x000000005ac40000)]

Stack: [0x000000005ab40000,0x000000005ac40000]
[error occurred during error reporting (printing stack bounds), id 0xc0000005]

Native frames: (J=compiled Java code, j=interpreted, Vv=VM code, C=native code)


Current CompileTask:
C2:  24721 10594 % !   4       org.springframework.core.annotation.AnnotatedElementUtils::searchWithFindSemantics @ 60 (720 bytes)


---------------  P R O C E S S  ---------------

Java Threads: ( => current thread )
  0x00000000653b0800 JavaThread "http-nio-8080-exec-10" daemon [_thread_blocked, id=6872, stack(0x000000006abb0000,0x000000006acb0000)]
  0x00000000653af800 JavaThread "http-nio-8080-exec-9" daemon [_thread_blocked, id=9484, stack(0x000000006a9d0000,0x000000006aad0000)]
  0x00000000653af000 JavaThread "http-nio-8080-exec-8" daemon [_thread_blocked, id=9744, stack(0x000000006a8d0000,0x000000006a9d0000)]
  0x00000000653ae000 JavaThread "http-nio-8080-exec-7" daemon [_thread_blocked, id=1172, stack(0x000000006a550000,0x000000006a650000)]
  0x00000000653ad000 JavaThread "http-nio-8080-exec-6" daemon [_thread_blocked, id=1576, stack(0x000000006a6e0000,0x000000006a7e0000)]
  0x00000000653ac800 JavaThread "http-nio-8080-exec-5" daemon [_thread_blocked, id=9032, stack(0x0000000062df0000,0x0000000062ef0000)]
  0x00000000653ab800 JavaThread "http-nio-8080-exec-4" daemon [_thread_blocked, id=9932, stack(0x000000006a0f0000,0x000000006a1f0000)]
  0x00000000653aa000 JavaThread "http-nio-8080-exec-3" daemon [_thread_blocked, id=8508, stack(0x000000006a450000,0x000000006a550000)]
  0x00000000653a9800 JavaThread "http-nio-8080-exec-2" daemon [_thread_blocked, id=4432, stack(0x000000006a310000,0x000000006a410000)]
  0x00000000653a8800 JavaThread "http-nio-8080-exec-1" daemon [_thread_blocked, id=8540, stack(0x000000005e6d0000,0x000000005e7d0000)]
  0x00000000653a8000 JavaThread "DestroyJavaVM" [_thread_blocked, id=8592, stack(0x00000000024b0000,0x00000000025b0000)]
  0x00000000653a7000 JavaThread "http-nio-8080-AsyncTimeout" daemon [_thread_blocked, id=7440, stack(0x0000000069dd0000,0x0000000069ed0000)]
  0x00000000653a6800 JavaThread "http-nio-8080-Acceptor-0" daemon [_thread_in_native, id=5736, stack(0x000000005eaa0000,0x000000005eba0000)]
  0x00000000653a5800 JavaThread "http-nio-8080-ClientPoller-1" daemon [_thread_in_native, id=6268, stack(0x0000000069990000,0x0000000069a90000)]
  0x000000005dc4e000 JavaThread "http-nio-8080-ClientPoller-0" daemon [_thread_in_native, id=9272, stack(0x0000000069880000,0x0000000069980000)]
  0x000000005dc4d800 JavaThread "NioBlockingSelector.BlockPoller-1" daemon [_thread_in_native, id=10236, stack(0x0000000069760000,0x0000000069860000)]
  0x000000005dc4c800 JavaThread "File Watcher" daemon [_thread_in_native, id=9644, stack(0x0000000066f50000,0x0000000067050000)]
  0x000000005dc49000 JavaThread "Java2D Disposer" daemon [_thread_blocked, id=7396, stack(0x0000000067a40000,0x0000000067b40000)]
  0x000000005dc48000 JavaThread "Thread-6" [_thread_blocked, id=10196, stack(0x000000005b5a0000,0x000000005b6a0000)]
  0x000000005dc47800 JavaThread "Thread-5" [_thread_blocked, id=8016, stack(0x0000000065d30000,0x0000000065e30000)]
  0x000000005dc46000 JavaThread "Tomcat JDBC Pool Cleaner[1984697014:1488563270819]" daemon [_thread_blocked, id=8404, stack(0x00000000647f0000,0x00000000648f0000)]
  0x000000005dc45000 JavaThread "Abandoned connection cleanup thread" daemon [_thread_blocked, id=9520, stack(0x000000005d0f0000,0x000000005d1f0000)]
  0x000000005dc44800 JavaThread "container-0" [_thread_blocked, id=9316, stack(0x00000000607f0000,0x00000000608f0000)]
  0x000000005dc3f000 JavaThread "ContainerBackgroundProcessor[StandardEngine[Tomcat]]" daemon [_thread_blocked, id=7092, stack(0x00000000640a0000,0x00000000641a0000)]
  0x000000005c1a8800 JavaThread "RMI TCP Accept-0" daemon [_thread_in_native, id=9088, stack(0x000000005b380000,0x000000005b480000)]
  0x000000005c344800 JavaThread "RMI TCP Accept-64272" daemon [_thread_in_native, id=8368, stack(0x000000005d200000,0x000000005d300000)]
  0x000000005c1a6000 JavaThread "RMI TCP Accept-0" daemon [_thread_in_native, id=6412, stack(0x000000005cff0000,0x000000005d0f0000)]
  0x00000000596d5000 JavaThread "Service Thread" daemon [_thread_blocked, id=7836, stack(0x000000005b200000,0x000000005b300000)]
  0x0000000059653800 JavaThread "C1 CompilerThread3" daemon [_thread_blocked, id=9500, stack(0x000000005b010000,0x000000005b110000)]
  0x000000005964a000 JavaThread "C2 CompilerThread2" daemon [_thread_blocked, id=9928, stack(0x000000005aea0000,0x000000005afa0000)]
=>0x0000000059645000 JavaThread "C2 CompilerThread1" daemon [_thread_in_native, id=10152, stack(0x000000005ab40000,0x000000005ac40000)]
  0x0000000059631800 JavaThread "C2 CompilerThread0" daemon [_thread_blocked, id=9364, stack(0x000000005acd0000,0x000000005add0000)]
  0x000000005962e800 JavaThread "Attach Listener" daemon [_thread_blocked, id=8904, stack(0x000000005a8f0000,0x000000005a9f0000)]
  0x000000005962d800 JavaThread "Signal Dispatcher" daemon [_thread_blocked, id=7904, stack(0x000000005a6d0000,0x000000005a7d0000)]
  0x0000000057ceb000 JavaThread "Finalizer" daemon [_thread_blocked, id=7924, stack(0x000000005a9f0000,0x000000005aaf0000)]
  0x0000000057ce4000 JavaThread "Reference Handler" daemon [_thread_blocked, id=10056, stack(0x000000005a7f0000,0x000000005a8f0000)]

Other Threads:
  0x00000000595d2800 VMThread [stack: 0x000000005a570000,0x000000005a670000] [id=5268]
  0x000000005c288800 WatcherThread [stack: 0x000000005d350000,0x000000005d450000] [id=8916]

VM state:not at safepoint (normal execution)

VM Mutex/Monitor currently owned by a thread: None

Heap:
 PSYoungGen      total 620032K, used 297056K [0x00000000d5d00000, 0x0000000100000000, 0x0000000100000000)
  eden space 573952K, 43% used [0x00000000d5d00000,0x00000000e521a3a0,0x00000000f8d80000)
  from space 46080K, 99% used [0x00000000f8d80000,0x00000000fba7df10,0x00000000fba80000)
  to   space 54272K, 0% used [0x00000000fcb00000,0x00000000fcb00000,0x0000000100000000)
 ParOldGen       total 173568K, used 85055K [0x0000000081600000, 0x000000008bf80000, 0x00000000d5d00000)
  object space 173568K, 49% used [0x0000000081600000,0x000000008690fcc0,0x000000008bf80000)
 Metaspace       used 84001K, capacity 85118K, committed 85208K, reserved 1124352K
  class space    used 9907K, capacity 10211K, committed 10240K, reserved 1048576K

Card table byte_map: [0x0000000011c40000,0x0000000012040000] byte_map_base: 0x0000000011835000

Marking Bits: (ParMarkBitMap*) 0x00000000591ba6c0
 Begin Bits: [0x0000000012fa0000, 0x0000000014f48000)
 End Bits:   [0x0000000014f48000, 0x0000000016ef0000)

Polling page: 0x0000000000220000

CodeCache: size=245760Kb used=33402Kb max_used=33785Kb free=212357Kb
 bounds [0x0000000002880000, 0x00000000049f0000, 0x0000000011880000]
 total_blobs=9581 nmethods=8622 adapters=870
 compilation: enabled

Compilation events (10 events):
Event: 24.409 Thread 0x000000005964a000 nmethod 10789 0x00000000030ca450 code [0x00000000030ca5e0, 0x00000000030caa58]
Event: 24.409 Thread 0x000000005964a000 10790       4       org.springframework.web.util.UrlPathHelper::removeSemicolonContentInternal (75 bytes)
Event: 24.412 Thread 0x000000005964a000 nmethod 10790 0x000000000406e2d0 code [0x000000000406e420, 0x000000000406e5d8]
Event: 24.413 Thread 0x000000005964a000 10792       4       org.apache.catalina.core.ApplicationContextFacade::getContextPath (25 bytes)
Event: 24.413 Thread 0x000000005964a000 nmethod 10792 0x0000000003a7d890 code [0x0000000003a7d9c0, 0x0000000003a7da38]
Event: 24.413 Thread 0x000000005964a000 10793       4       org.apache.catalina.connector.RequestFacade::getContextPath (31 bytes)
Event: 24.419 Thread 0x000000005964a000 nmethod 10793 0x00000000035947d0 code [0x0000000003594960, 0x0000000003594d38]
Event: 24.419 Thread 0x000000005964a000 10784       4       java.util.Collections$1::next (25 bytes)
Event: 24.420 Thread 0x000000005964a000 nmethod 10784 0x0000000003f992d0 code [0x0000000003f99400, 0x0000000003f99478]
Event: 24.569 Thread 0x0000000059631800 nmethod 10521 0x00000000049cdc90 code [0x00000000049ce980, 0x00000000049dc610]

GC Heap History (10 events):
Event: 11.545 GC heap before
{Heap before GC invocations=14 (full 2):
 PSYoungGen      total 328192K, used 328171K [0x00000000d5d00000, 0x00000000f4680000, 0x0000000100000000)
  eden space 312832K, 100% used [0x00000000d5d00000,0x00000000e8e80000,0x00000000e8e80000)
  from space 15360K, 99% used [0x00000000e8e80000,0x00000000e9d7ad20,0x00000000e9d80000)
  to   space 27136K, 0% used [0x00000000f2c00000,0x00000000f2c00000,0x00000000f4680000)
 ParOldGen       total 83456K, used 49329K [0x0000000081600000, 0x0000000086780000, 0x00000000d5d00000)
  object space 83456K, 59% used [0x0000000081600000,0x000000008462c708,0x0000000086780000)
 Metaspace       used 50610K, capacity 51172K, committed 51544K, reserved 1093632K
  class space    used 6293K, capacity 6432K, committed 6528K, reserved 1048576K
Event: 11.581 GC heap after
Heap after GC invocations=14 (full 2):
 PSYoungGen      total 466944K, used 27134K [0x00000000d5d00000, 0x00000000f4d80000, 0x0000000100000000)
  eden space 439808K, 0% used [0x00000000d5d00000,0x00000000d5d00000,0x00000000f0a80000)
  from space 27136K, 99% used [0x00000000f2c00000,0x00000000f467fa50,0x00000000f4680000)
  to   space 34304K, 0% used [0x00000000f0a80000,0x00000000f0a80000,0x00000000f2c00000)
 ParOldGen       total 83456K, used 57755K [0x0000000081600000, 0x0000000086780000, 0x00000000d5d00000)
  object space 83456K, 69% used [0x0000000081600000,0x0000000084e66c58,0x0000000086780000)
 Metaspace       used 50610K, capacity 51172K, committed 51544K, reserved 1093632K
  class space    used 6293K, capacity 6432K, committed 6528K, reserved 1048576K
}
Event: 13.774 GC heap before
{Heap before GC invocations=15 (full 2):
 PSYoungGen      total 466944K, used 466942K [0x00000000d5d00000, 0x00000000f4d80000, 0x0000000100000000)
  eden space 439808K, 100% used [0x00000000d5d00000,0x00000000f0a80000,0x00000000f0a80000)
  from space 27136K, 99% used [0x00000000f2c00000,0x00000000f467fa50,0x00000000f4680000)
  to   space 34304K, 0% used [0x00000000f0a80000,0x00000000f0a80000,0x00000000f2c00000)
 ParOldGen       total 83456K, used 57755K [0x0000000081600000, 0x0000000086780000, 0x00000000d5d00000)
  object space 83456K, 69% used [0x0000000081600000,0x0000000084e66c58,0x0000000086780000)
 Metaspace       used 56360K, capacity 56970K, committed 57176K, reserved 1099776K
  class space    used 6822K, capacity 6993K, committed 7040K, reserved 1048576K
Event: 13.822 GC heap after
Heap after GC invocations=15 (full 2):
 PSYoungGen      total 474112K, used 34276K [0x00000000d5d00000, 0x0000000100000000, 0x0000000100000000)
  eden space 439808K, 0% used [0x00000000d5d00000,0x00000000d5d00000,0x00000000f0a80000)
  from space 34304K, 99% used [0x00000000f0a80000,0x00000000f2bf9048,0x00000000f2c00000)
  to   space 47616K, 0% used [0x00000000fd180000,0x00000000fd180000,0x0000000100000000)
 ParOldGen       total 83456K, used 78479K [0x0000000081600000, 0x0000000086780000, 0x00000000d5d00000)
  object space 83456K, 94% used [0x0000000081600000,0x00000000862a3cb0,0x0000000086780000)
 Metaspace       used 56360K, capacity 56970K, committed 57176K, reserved 1099776K
  class space    used 6822K, capacity 6993K, committed 7040K, reserved 1048576K
}
Event: 13.822 GC heap before
{Heap before GC invocations=16 (full 3):
 PSYoungGen      total 474112K, used 34276K [0x00000000d5d00000, 0x0000000100000000, 0x0000000100000000)
  eden space 439808K, 0% used [0x00000000d5d00000,0x00000000d5d00000,0x00000000f0a80000)
  from space 34304K, 99% used [0x00000000f0a80000,0x00000000f2bf9048,0x00000000f2c00000)
  to   space 47616K, 0% used [0x00000000fd180000,0x00000000fd180000,0x0000000100000000)
 ParOldGen       total 83456K, used 78479K [0x0000000081600000, 0x0000000086780000, 0x00000000d5d00000)
  object space 83456K, 94% used [0x0000000081600000,0x00000000862a3cb0,0x0000000086780000)
 Metaspace       used 56360K, capacity 56970K, committed 57176K, reserved 1099776K
  class space    used 6822K, capacity 6993K, committed 7040K, reserved 1048576K
Event: 14.155 GC heap after
Heap after GC invocations=16 (full 3):
 PSYoungGen      total 474112K, used 0K [0x00000000d5d00000, 0x0000000100000000, 0x0000000100000000)
  eden space 439808K, 0% used [0x00000000d5d00000,0x00000000d5d00000,0x00000000f0a80000)
  from space 34304K, 0% used [0x00000000f0a80000,0x00000000f0a80000,0x00000000f2c00000)
  to   space 47616K, 0% used [0x00000000fd180000,0x00000000fd180000,0x0000000100000000)
 ParOldGen       total 173568K, used 83342K [0x0000000081600000, 0x000000008bf80000, 0x00000000d5d00000)
  object space 173568K, 48% used [0x0000000081600000,0x00000000867638c8,0x000000008bf80000)
 Metaspace       used 56244K, capacity 56784K, committed 57176K, reserved 1099776K
  class space    used 6805K, capacity 6962K, committed 7040K, reserved 1048576K
}
Event: 16.111 GC heap before
{Heap before GC invocations=17 (full 3):
 PSYoungGen      total 474112K, used 439808K [0x00000000d5d00000, 0x0000000100000000, 0x0000000100000000)
  eden space 439808K, 100% used [0x00000000d5d00000,0x00000000f0a80000,0x00000000f0a80000)
  from space 34304K, 0% used [0x00000000f0a80000,0x00000000f0a80000,0x00000000f2c00000)
  to   space 47616K, 0% used [0x00000000fd180000,0x00000000fd180000,0x0000000100000000)
 ParOldGen       total 173568K, used 83342K [0x0000000081600000, 0x000000008bf80000, 0x00000000d5d00000)
  object space 173568K, 48% used [0x0000000081600000,0x00000000867638c8,0x000000008bf80000)
 Metaspace       used 65986K, capacity 66714K, committed 67032K, reserved 1107968K
  class space    used 8009K, capacity 8185K, committed 8192K, reserved 1048576K
Event: 16.139 GC heap after
Heap after GC invocations=17 (full 3):
 PSYoungGen      total 587776K, used 22277K [0x00000000d5d00000, 0x00000000fe780000, 0x0000000100000000)
  eden space 565248K, 0% used [0x00000000d5d00000,0x00000000d5d00000,0x00000000f8500000)
  from space 22528K, 98% used [0x00000000fd180000,0x00000000fe741798,0x00000000fe780000)
  to   space 46080K, 0% used [0x00000000f8d80000,0x00000000f8d80000,0x00000000fba80000)
 ParOldGen       total 173568K, used 83350K [0x0000000081600000, 0x000000008bf80000, 0x00000000d5d00000)
  object space 173568K, 48% used [0x0000000081600000,0x00000000867658c8,0x000000008bf80000)
 Metaspace       used 65986K, capacity 66714K, committed 67032K, reserved 1107968K
  class space    used 8009K, capacity 8185K, committed 8192K, reserved 1048576K
}
Event: 20.664 GC heap before
{Heap before GC invocations=18 (full 3):
 PSYoungGen      total 587776K, used 587525K [0x00000000d5d00000, 0x00000000fe780000, 0x0000000100000000)
  eden space 565248K, 100% used [0x00000000d5d00000,0x00000000f8500000,0x00000000f8500000)
  from space 22528K, 98% used [0x00000000fd180000,0x00000000fe741798,0x00000000fe780000)
  to   space 46080K, 0% used [0x00000000f8d80000,0x00000000f8d80000,0x00000000fba80000)
 ParOldGen       total 173568K, used 83350K [0x0000000081600000, 0x000000008bf80000, 0x00000000d5d00000)
  object space 173568K, 48% used [0x0000000081600000,0x00000000867658c8,0x000000008bf80000)
 Metaspace       used 78385K, capacity 79320K, committed 79448K, reserved 1120256K
  class space    used 9255K, capacity 9476K, committed 9600K, reserved 1048576K
Event: 20.803 GC heap after
Heap after GC invocations=18 (full 3):
 PSYoungGen      total 620032K, used 46071K [0x00000000d5d00000, 0x0000000100000000, 0x0000000100000000)
  eden space 573952K, 0% used [0x00000000d5d00000,0x00000000d5d00000,0x00000000f8d80000)
  from space 46080K, 99% used [0x00000000f8d80000,0x00000000fba7df10,0x00000000fba80000)
  to   space 54272K, 0% used [0x00000000fcb00000,0x00000000fcb00000,0x0000000100000000)
 ParOldGen       total 173568K, used 85055K [0x0000000081600000, 0x000000008bf80000, 0x00000000d5d00000)
  object space 173568K, 49% used [0x0000000081600000,0x000000008690fcc0,0x000000008bf80000)
 Metaspace       used 78385K, capacity 79320K, committed 79448K, reserved 1120256K
  class space    used 9255K, capacity 9476K, committed 9600K, reserved 1048576K
}

Deoptimization events (10 events):
Event: 23.860 Thread 0x00000000653ac800 Uncommon trap: reason=class_check action=maybe_recompile pc=0x000000000414c860 method=sun.nio.cs.ThreadLocalCoders$1.hasName(Ljava/lang/Object;Ljava/lang/Object;)Z @ 8
Event: 23.878 Thread 0x00000000653ab800 Uncommon trap: reason=class_check action=maybe_recompile pc=0x000000000414c860 method=sun.nio.cs.ThreadLocalCoders$1.hasName(Ljava/lang/Object;Ljava/lang/Object;)Z @ 8
Event: 23.886 Thread 0x00000000653ae000 Uncommon trap: reason=class_check action=maybe_recompile pc=0x000000000414c860 method=sun.nio.cs.ThreadLocalCoders$1.hasName(Ljava/lang/Object;Ljava/lang/Object;)Z @ 8
Event: 23.953 Thread 0x000000005dc4d800 Uncommon trap: reason=bimorphic action=maybe_recompile pc=0x00000000031db414 method=java.util.HashMap.removeNode(ILjava/lang/Object;Ljava/lang/Object;ZZ)Ljava/util/HashMap$Node; @ 68
Event: 23.965 Thread 0x000000005dc4d800 Uncommon trap: reason=bimorphic action=maybe_recompile pc=0x00000000031db414 method=java.util.HashMap.removeNode(ILjava/lang/Object;Ljava/lang/Object;ZZ)Ljava/util/HashMap$Node; @ 68
Event: 23.965 Thread 0x000000005dc4d800 Uncommon trap: reason=bimorphic action=maybe_recompile pc=0x00000000031db414 method=java.util.HashMap.removeNode(ILjava/lang/Object;Ljava/lang/Object;ZZ)Ljava/util/HashMap$Node; @ 68
Event: 23.965 Thread 0x000000005dc4d800 Uncommon trap: reason=bimorphic action=maybe_recompile pc=0x00000000031db414 method=java.util.HashMap.removeNode(ILjava/lang/Object;Ljava/lang/Object;ZZ)Ljava/util/HashMap$Node; @ 68
Event: 23.975 Thread 0x00000000653af000 Uncommon trap: reason=unstable_if action=reinterpret pc=0x000000000399ad04 method=java.lang.String.isEmpty()Z @ 5
Event: 23.981 Thread 0x00000000653af000 Uncommon trap: reason=unstable_if action=reinterpret pc=0x0000000003c7cef4 method=java.lang.Integer.toString(I)Ljava/lang/String; @ 3
Event: 23.983 Thread 0x00000000653af000 Uncommon trap: reason=null_check action=make_not_entrant pc=0x000000000352900c method=java.lang.Class.getGenericSuperclass()Ljava/lang/reflect/Type; @ 10

Internal exceptions (10 events):
Event: 23.672 Thread 0x00000000653a8800 Exception <a 'java/lang/ClassNotFoundException': org/springframework/web/servlet/theme/FixedThemeResolverCustomizer> (0x00000000e1d69088) thrown at [C:\re\workspace\8-2-build-windows-amd64-cygwin\jdk8u111\7883\hotspot\src\share\vm\classfile\systemDictiona
Event: 23.674 Thread 0x00000000653a8800 Exception <a 'java/lang/ClassNotFoundException': org/springframework/web/servlet/ThemeResolverCustomizer> (0x00000000e1da0670) thrown at [C:\re\workspace\8-2-build-windows-amd64-cygwin\jdk8u111\7883\hotspot\src\share\vm\classfile\systemDictionary.cpp, lin
Event: 23.679 Thread 0x00000000653a8800 Exception <a 'java/lang/ClassNotFoundException': java/lang/ObjectCustomizer> (0x00000000e1dcbbe0) thrown at [C:\re\workspace\8-2-build-windows-amd64-cygwin\jdk8u111\7883\hotspot\src\share\vm\classfile\systemDictionary.cpp, line 210]
Event: 23.681 Thread 0x00000000653a8800 Exception <a 'java/lang/ClassNotFoundException': org/springframework/web/servlet/view/DefaultRequestToViewNameTranslatorCustomizer> (0x00000000e1e14228) thrown at [C:\re\workspace\8-2-build-windows-amd64-cygwin\jdk8u111\7883\hotspot\src\share\vm\classfile
Event: 23.682 Thread 0x00000000653a8800 Exception <a 'java/lang/ClassNotFoundException': org/springframework/web/servlet/RequestToViewNameTranslatorCustomizer> (0x00000000e1e636f0) thrown at [C:\re\workspace\8-2-build-windows-amd64-cygwin\jdk8u111\7883\hotspot\src\share\vm\classfile\systemDicti
Event: 23.687 Thread 0x00000000653a8800 Exception <a 'java/lang/ClassNotFoundException': java/lang/ObjectCustomizer> (0x00000000e1eb73b8) thrown at [C:\re\workspace\8-2-build-windows-amd64-cygwin\jdk8u111\7883\hotspot\src\share\vm\classfile\systemDictionary.cpp, line 210]
Event: 23.688 Thread 0x00000000653a8800 Exception <a 'java/lang/ClassNotFoundException': org/springframework/web/servlet/support/AbstractFlashMapManagerCustomizer> (0x00000000e1efa5c8) thrown at [C:\re\workspace\8-2-build-windows-amd64-cygwin\jdk8u111\7883\hotspot\src\share\vm\classfile\systemD
Event: 23.690 Thread 0x00000000653a8800 Exception <a 'java/lang/ClassNotFoundException': org/springframework/web/servlet/support/SessionFlashMapManagerCustomizer> (0x00000000e1f41638) thrown at [C:\re\workspace\8-2-build-windows-amd64-cygwin\jdk8u111\7883\hotspot\src\share\vm\classfile\systemDi
Event: 23.691 Thread 0x00000000653a8800 Exception <a 'java/lang/ClassNotFoundException': org/springframework/web/servlet/FlashMapManagerCustomizer> (0x00000000e1f79408) thrown at [C:\re\workspace\8-2-build-windows-amd64-cygwin\jdk8u111\7883\hotspot\src\share\vm\classfile\systemDictionary.cpp, l
Event: 23.751 Thread 0x00000000653a9800 Implicit null exception at 0x00000000047f624b to 0x00000000047ff405

Events (10 events):
Event: 24.361 Thread 0x0000000059653800 flushing nmethod 0x000000000422e090
Event: 24.361 Thread 0x0000000059653800 flushing nmethod 0x00000000042ac010
Event: 24.361 Thread 0x0000000059653800 flushing nmethod 0x00000000042bd790
Event: 24.362 Thread 0x0000000059653800 flushing nmethod 0x000000000437afd0
Event: 24.363 Thread 0x0000000059653800 flushing nmethod 0x000000000459bf90
Event: 24.363 Thread 0x0000000059653800 flushing nmethod 0x00000000045c9990
Event: 24.363 Thread 0x0000000059653800 flushing nmethod 0x0000000004604b50
Event: 24.363 Thread 0x0000000059653800 flushing nmethod 0x000000000460d190
Event: 24.363 Thread 0x0000000059653800 flushing nmethod 0x0000000004726250
Event: 24.364 Thread 0x0000000059653800 flushing nmethod 0x0000000004783a10


Dynamic libraries:
0x000000013fa80000 - 0x000000013fab7000 	C:\Program Files\Java\jre1.8.0_111\bin\javaw.exe
0x0000000077400000 - 0x00000000775aa000 	C:\Windows\SYSTEM32\ntdll.dll
0x00000000771e0000 - 0x00000000772ff000 	C:\Windows\system32\kernel32.dll
0x000007fefd6a0000 - 0x000007fefd70a000 	C:\Windows\system32\KERNELBASE.dll
0x000007fefdce0000 - 0x000007fefddbb000 	C:\Windows\system32\ADVAPI32.dll
0x000007fefd940000 - 0x000007fefd9df000 	C:\Windows\system32\msvcrt.dll
0x000007fefd920000 - 0x000007fefd93f000 	C:\Windows\SYSTEM32\sechost.dll
0x000007fefee60000 - 0x000007fefef8d000 	C:\Windows\system32\RPCRT4.dll
0x0000000077300000 - 0x00000000773fa000 	C:\Windows\system32\USER32.dll
0x000007fefddf0000 - 0x000007fefde57000 	C:\Windows\system32\GDI32.dll
0x000007fefdfc0000 - 0x000007fefdfce000 	C:\Windows\system32\LPK.dll
0x000007fefd9e0000 - 0x000007fefdaa9000 	C:\Windows\system32\USP10.dll
0x000007fefbd90000 - 0x000007fefbf84000 	C:\Windows\WinSxS\amd64_microsoft.windows.common-controls_6595b64144ccf1df_6.0.7601.17514_none_fa396087175ac9ac\COMCTL32.dll
0x000007feff430000 - 0x000007feff4a1000 	C:\Windows\system32\SHLWAPI.dll
0x000007fefddc0000 - 0x000007fefddee000 	C:\Windows\system32\IMM32.DLL
0x000007fefefa0000 - 0x000007feff0a9000 	C:\Windows\system32\MSCTF.dll
0x0000000066da0000 - 0x0000000066e72000 	C:\Program Files\Java\jre1.8.0_111\bin\msvcr100.dll
0x00000000589a0000 - 0x000000005923a000 	C:\Program Files\Java\jre1.8.0_111\bin\server\jvm.dll
0x000007fef8fd0000 - 0x000007fef8fd9000 	C:\Windows\system32\WSOCK32.dll
0x000007fefdc90000 - 0x000007fefdcdd000 	C:\Windows\system32\WS2_32.dll
0x000007fefef90000 - 0x000007fefef98000 	C:\Windows\system32\NSI.dll
0x000007fefb340000 - 0x000007fefb37b000 	C:\Windows\system32\WINMM.dll
0x000007fefc450000 - 0x000007fefc45c000 	C:\Windows\system32\VERSION.dll
0x00000000775d0000 - 0x00000000775d7000 	C:\Windows\system32\PSAPI.DLL
0x00000000727b0000 - 0x00000000727bf000 	C:\Program Files\Java\jre1.8.0_111\bin\verify.dll
0x000000006a280000 - 0x000000006a2a9000 	C:\Program Files\Java\jre1.8.0_111\bin\java.dll
0x0000000072790000 - 0x00000000727a6000 	C:\Program Files\Java\jre1.8.0_111\bin\zip.dll
0x000007fefdfd0000 - 0x000007fefed58000 	C:\Windows\system32\SHELL32.dll
0x000007fefd710000 - 0x000007fefd913000 	C:\Windows\system32\ole32.dll
0x000007fefd300000 - 0x000007fefd30f000 	C:\Windows\system32\profapi.dll
0x0000000070d00000 - 0x0000000070d0d000 	C:\Program Files\Java\jre1.8.0_111\bin\management.dll
0x000000006c060000 - 0x000000006c07a000 	C:\Program Files\Java\jre1.8.0_111\bin\net.dll
0x000007fefcb30000 - 0x000007fefcb85000 	C:\Windows\system32\mswsock.dll
0x000007fefcb20000 - 0x000007fefcb27000 	C:\Windows\System32\wship6.dll
0x0000000068040000 - 0x0000000068051000 	C:\Program Files\Java\jre1.8.0_111\bin\nio.dll
0x000007fefb380000 - 0x000007fefb395000 	C:\Windows\system32\NLAapi.dll
0x000007fef2020000 - 0x000007fef2035000 	C:\Windows\system32\napinsp.dll
0x000007fef1cd0000 - 0x000007fef1ce9000 	C:\Windows\system32\pnrpnsp.dll
0x000007fef2010000 - 0x000007fef2020000 	C:\Windows\system32\wshbth.dll
0x000007fefc9b0000 - 0x000007fefca0b000 	C:\Windows\system32\DNSAPI.dll
0x000007fef1c90000 - 0x000007fef1c9b000 	C:\Windows\System32\winrnr.dll
0x000007fefc520000 - 0x000007fefc527000 	C:\Windows\System32\wshtcpip.dll
0x000007fefa4e0000 - 0x000007fefa507000 	C:\Windows\system32\IPHLPAPI.DLL
0x000007fefa4d0000 - 0x000007fefa4db000 	C:\Windows\system32\WINNSI.DLL
0x000007fef97d0000 - 0x000007fef97d8000 	C:\Windows\system32\rasadhlp.dll
0x000007fefa380000 - 0x000007fefa3d3000 	C:\Windows\System32\fwpuclnt.dll
0x000007fefcb90000 - 0x000007fefcba7000 	C:\Windows\system32\CRYPTSP.dll
0x000007fefc890000 - 0x000007fefc8d7000 	C:\Windows\system32\rsaenh.dll
0x000007fefc630000 - 0x000007fefc64e000 	C:\Windows\system32\USERENV.dll
0x000007fefd230000 - 0x000007fefd23f000 	C:\Windows\system32\CRYPTBASE.dll
0x000007fefa350000 - 0x000007fefa368000 	C:\Windows\system32\dhcpcsvc.DLL
0x000007fefa330000 - 0x000007fefa341000 	C:\Windows\system32\dhcpcsvc6.DLL
0x0000000062ef0000 - 0x0000000063088000 	C:\Program Files\Java\jre1.8.0_111\bin\awt.dll
0x000007fefdee0000 - 0x000007fefdfb8000 	C:\Windows\system32\OLEAUT32.dll
0x000007fefb6e0000 - 0x000007fefb6f8000 	C:\Windows\system32\DWMAPI.DLL
0x0000000002410000 - 0x0000000002457000 	C:\Program Files\Java\jre1.8.0_111\bin\fontmanager.dll
0x0000000012650000 - 0x0000000012692000 	C:\Program Files\Java\jre1.8.0_111\bin\t2k.dll
0x00000000002f0000 - 0x000000000031a000 	C:\Program Files\Java\jre1.8.0_111\bin\dcpr.dll
0x00000000727f0000 - 0x0000000072814000 	C:\Program Files\Java\jre1.8.0_111\bin\sunec.dll

VM Arguments:
jvm_args: -Dcom.sun.management.jmxremote -Dcom.sun.management.jmxremote.port=64272 -Dcom.sun.management.jmxremote.authenticate=false -Dcom.sun.management.jmxremote.ssl=false -Dspring.liveBeansView.mbeanDomain -Dspring.application.admin.enabled=true -Dfile.encoding=UTF-8 
java_command: com.solverminds.klsm.Application --spring.output.ansi.enabled=always
java_class_path (initial): C:\Work\Project\sts tool\Mar 3-6\KLSM-Ship\target\classes;C:\Users\vinoth\.m2\repository\org\springframework\boot\spring-boot-starter-thymeleaf\1.4.2.RELEASE\spring-boot-starter-thymeleaf-1.4.2.RELEASE.jar;C:\Users\vinoth\.m2\repository\org\thymeleaf\thymeleaf-spring4\2.1.5.RELEASE\thymeleaf-spring4-2.1.5.RELEASE.jar;C:\Users\vinoth\.m2\repository\org\thymeleaf\thymeleaf\2.1.5.RELEASE\thymeleaf-2.1.5.RELEASE.jar;C:\Users\vinoth\.m2\repository\ognl\ognl\3.0.8\ognl-3.0.8.jar;C:\Users\vinoth\.m2\repository\org\unbescape\unbescape\1.1.0.RELEASE\unbescape-1.1.0.RELEASE.jar;C:\Users\vinoth\.m2\repository\nz\net\ultraq\thymeleaf\thymeleaf-layout-dialect\1.4.0\thymeleaf-layout-dialect-1.4.0.jar;C:\Users\vinoth\.m2\repository\org\codehaus\groovy\groovy\2.4.7\groovy-2.4.7.jar;C:\Users\vinoth\.m2\repository\org\springframework\boot\spring-boot-starter\1.4.2.RELEASE\spring-boot-starter-1.4.2.RELEASE.jar;C:\Users\vinoth\.m2\repository\org\springframework\boot\spring-boot\1.4.2.RELEASE\spring-boot-1.4.2.RELEASE.jar;C:\Users\vinoth\.m2\repository\org\springframework\boot\spring-boot-autoconfigure\1.4.2.RELEASE\spring-boot-autoconfigure-1.4.2.RELEASE.jar;C:\Users\vinoth\.m2\repository\org\springframework\spring-core\4.3.4.RELEASE\spring-core-4.3.4.RELEASE.jar;C:\Users\vinoth\.m2\repository\org\yaml\snakeyaml\1.17\snakeyaml-1.17.jar;C:\Users\vinoth\.m2\repository\org\springframework\boot\spring-boot-starter-web\1.4.2.RELEASE\spring-boot-starter-web-1.4.2.RELEASE.jar;C:\Users\vinoth\.m2\repository\org\hibernate\hibernate-validator\5.2.4.Final\hibernate-validator-5.2.4.Final.jar;C:\Users\vinoth\.m2\repository\javax\validation\validation-api\1.1.0.Final\validation-api-1.1.0.Final.jar;C:\Users\vinoth\.m2\repository\com\fasterxml\classmate\1.3.3\classmate-1.3.3.jar;C:\Users\vinoth\.m2\repository\org\springframework\spring-web\4.3.4.RELEASE\spring-web-4.3.4.RELEASE.jar;C:\Users\vinoth\.m2\repository\org\springframework\spring-webmvc\4.3.4.RELEASE\spring-webmvc
Launcher Type: SUN_STANDARD

Environment Variables:
JAVA_HOME=C:\Program Files\Java\jdk1.8.0_111
JRE_HOME=C:\Program Files\Java\jre1.8.0_111
PATH=C:/Program Files/Java/jre1.8.0_111/bin/server;C:/Program Files/Java/jre1.8.0_111/bin;C:/Program Files/Java/jre1.8.0_111/lib/amd64;C:\ProgramData\Oracle\Java\javapath;C:\Windows\system32;C:\Windows;C:\Windows\System32\Wbem;C:\Windows\System32\WindowsPowerShell\v1.0\;C:\Program Files\TortoiseGit\bin;C:\Android;C:\Windows\System32;C:\Program Files (x86)\MiKTeX 2.9\miktex\bin\;C:\Program Files\Microsoft SQL Server\110\Tools\Binn\;C:\Windows\system32\config\systemprofile\.dnx\bin;C:\Program Files\Microsoft DNX\Dnvm\;C:\Program Files\Microsoft SQL Server\120\Tools\Binn\;C:\Program Files\Microsoft SQL Server\Client SDK\ODBC\110\Tools\Binn\;C:\Program Files (x86)\Microsoft SQL Server\120\Tools\Binn\;C:\Program Files\Microsoft SQL Server\120\DTS\Binn\;C:\Program Files (x86)\Microsoft SQL Server\120\Tools\Binn\ManagementStudio\;C:\Program Files (x86)\Microsoft SQL Server\120\DTS\Binn\;C:\Program Files (x86)\QuickTime\QTSystem\;C:\Program Files (x86)\Windows Kits\8.1\Windows Performance Toolkit\;C:\Program Files\MySQL\MySQL Utilities 1.6\;C:\Program Files (x86)\Skype\Phone\;C:\Windows\Microsoft.NET\Framework\v3.5;C:\Program Files (x86)\Sophos\Sophos SSL VPN Client\bin;C:\Work\Project\sts tool\sts-3.8.2.RELEASE;
USERNAME=vinoth
OS=Windows_NT
PROCESSOR_IDENTIFIER=Intel64 Family 6 Model 70 Stepping 1, GenuineIntel



---------------  S Y S T E M  ---------------

OS: Windows 7 , 64 bit Build 7601 (6.1.7601.23418)

CPU:total 8 (4 cores per cpu, 2 threads per core) family 6 model 70 stepping 1, cmov, cx8, fxsr, mmx, sse, sse2, sse3, ssse3, sse4.1, sse4.2, popcnt, avx, avx2, aes, clmul, erms, lzcnt, ht, tsc, tscinvbit, bmi1, bmi2

Memory: 4k page, physical 8295096k(179876k free), swap 9443196k(39468k free)

vm_info: Java HotSpot(TM) 64-Bit Server VM (25.111-b14) for windows-amd64 JRE (1.8.0_111-b14), built on Sep 22 2016 19:24:05 by "java_re" with MS VC++ 10.0 (VS2010)

time: Fri Mar 03 23:18:00 2017
elapsed time: 24 seconds (0d 0h 0m 24s)

