#
# There is insufficient memory for the Java Runtime Environment to continue.
# Native memory allocation (malloc) failed to allocate 32744 bytes for ChunkPool::allocate
# Possible reasons:
#   The system is out of physical RAM or swap space
#   In 32 bit mode, the process size limit was hit
# Possible solutions:
#   Reduce memory load on the system
#   Increase physical memory or swap space
#   Check if swap backing store is full
#   Use 64 bit Java on a 64 bit OS
#   Decrease Java heap size (-Xmx/-Xms)
#   Decrease number of Java threads
#   Decrease Java thread stack sizes (-Xss)
#   Set larger code cache with -XX:ReservedCodeCacheSize=
# This output file may be truncated or incomplete.
#
#  Out of Memory Error (allocation.cpp:273), pid=7968, tid=0x0000000000001c24
#
# JRE version: Java(TM) SE Runtime Environment (8.0_111-b14) (build 1.8.0_111-b14)
# Java VM: Java HotSpot(TM) 64-Bit Server VM (25.111-b14 mixed mode windows-amd64 compressed oops)
# Failed to write core dump. Minidumps are not enabled by default on client versions of Windows
#

---------------  T H R E A D  ---------------

Current thread (0x0000000058f61000):  JavaThread "C1 CompilerThread3" daemon [_thread_in_native, id=7204, stack(0x000000005ac20000,0x000000005ad20000)]

Stack: [0x000000005ac20000,0x000000005ad20000]
[error occurred during error reporting (printing stack bounds), id 0xc0000005]

Native frames: (J=compiled Java code, j=interpreted, Vv=VM code, C=native code)


Current CompileTask:
C1:1279999 11892       3       org.springframework.util.AntPathMatcher::doMatch (629 bytes)


---------------  P R O C E S S  ---------------

Java Threads: ( => current thread )
  0x000000005df92800 JavaThread "http-nio-8080-exec-1" daemon [_thread_in_vm, id=9324, stack(0x000000006a0d0000,0x000000006a1d0000)]
  0x000000005bbab800 JavaThread "DestroyJavaVM" [_thread_blocked, id=4008, stack(0x0000000002580000,0x0000000002680000)]
  0x000000005df91000 JavaThread "http-nio-8080-AsyncTimeout" daemon [_thread_blocked, id=4128, stack(0x000000006a710000,0x000000006a810000)]
  0x000000005df90000 JavaThread "http-nio-8080-Acceptor-0" daemon [_thread_in_native, id=10156, stack(0x000000006a320000,0x000000006a420000)]
  0x000000005df8f800 JavaThread "http-nio-8080-ClientPoller-1" daemon [_thread_in_native, id=4232, stack(0x0000000069fd0000,0x000000006a0d0000)]
  0x000000005df8e800 JavaThread "http-nio-8080-ClientPoller-0" daemon [_thread_in_native, id=7548, stack(0x0000000069e40000,0x0000000069f40000)]
  0x000000005df8e000 JavaThread "NioBlockingSelector.BlockPoller-1" daemon [_thread_in_native, id=5132, stack(0x0000000062770000,0x0000000062870000)]
  0x000000005df8d000 JavaThread "Live Reload Server" daemon [_thread_in_native, id=7052, stack(0x00000000658b0000,0x00000000659b0000)]
  0x000000005df8c800 JavaThread "File Watcher" daemon [_thread_blocked, id=5464, stack(0x000000005e260000,0x000000005e360000)]
  0x000000005bbb5800 JavaThread "Java2D Disposer" daemon [_thread_blocked, id=6308, stack(0x000000005eaf0000,0x000000005ebf0000)]
  0x000000005bbb4800 JavaThread "Thread-6" [_thread_blocked, id=4512, stack(0x0000000065510000,0x0000000065610000)]
  0x000000005bbb4000 JavaThread "Thread-5" [_thread_blocked, id=6492, stack(0x000000005cbe0000,0x000000005cce0000)]
  0x000000005bbb1800 JavaThread "Tomcat JDBC Pool Cleaner[1984697014:1488586276282]" daemon [_thread_blocked, id=8684, stack(0x0000000064210000,0x0000000064310000)]
  0x000000005bbb0000 JavaThread "Abandoned connection cleanup thread" daemon [_thread_blocked, id=3444, stack(0x00000000613f0000,0x00000000614f0000)]
  0x000000005bbaf800 JavaThread "container-0" [_thread_blocked, id=5736, stack(0x000000005ad40000,0x000000005ae40000)]
  0x000000005bbae800 JavaThread "ContainerBackgroundProcessor[StandardEngine[Tomcat]]" daemon [_thread_blocked, id=8064, stack(0x00000000659e0000,0x0000000065ae0000)]
  0x000000005bbaa800 JavaThread "RMI TCP Accept-0" daemon [_thread_in_native, id=8024, stack(0x000000005ce00000,0x000000005cf00000)]
  0x000000005bbaa000 JavaThread "RMI TCP Accept-64878" daemon [_thread_in_native, id=6488, stack(0x000000005cce0000,0x000000005cde0000)]
  0x000000005bba9000 JavaThread "RMI TCP Accept-0" daemon [_thread_in_native, id=10092, stack(0x000000005cae0000,0x000000005cbe0000)]
  0x0000000058fea000 JavaThread "Service Thread" daemon [_thread_blocked, id=9588, stack(0x000000005a710000,0x000000005a810000)]
=>0x0000000058f61000 JavaThread "C1 CompilerThread3" daemon [_thread_in_native, id=7204, stack(0x000000005ac20000,0x000000005ad20000)]
  0x0000000058f5f000 JavaThread "C2 CompilerThread2" daemon [_thread_blocked, id=9952, stack(0x000000005a9d0000,0x000000005aad0000)]
  0x0000000058f5a000 JavaThread "C2 CompilerThread1" daemon [_thread_blocked, id=8876, stack(0x000000005a840000,0x000000005a940000)]
  0x0000000058f54800 JavaThread "C2 CompilerThread0" daemon [_thread_in_native, id=6876, stack(0x000000005a5d0000,0x000000005a6d0000)]
  0x0000000058f51000 JavaThread "Attach Listener" daemon [_thread_blocked, id=9396, stack(0x000000005a420000,0x000000005a520000)]
  0x0000000058f50000 JavaThread "Signal Dispatcher" daemon [_thread_blocked, id=5416, stack(0x0000000059e50000,0x0000000059f50000)]
  0x0000000057d2d800 JavaThread "Finalizer" daemon [_thread_blocked, id=9476, stack(0x000000005a250000,0x000000005a350000)]
  0x0000000057d26800 JavaThread "Reference Handler" daemon [_thread_blocked, id=9612, stack(0x000000005a140000,0x000000005a240000)]

Other Threads:
  0x0000000058ef2800 VMThread [stack: 0x0000000059fd0000,0x000000005a0d0000] [id=5812]
  0x000000005bbc2000 WatcherThread [stack: 0x000000005cf90000,0x000000005d090000] [id=8624]

VM state:not at safepoint (normal execution)

VM Mutex/Monitor currently owned by a thread: None

Heap:
 PSYoungGen      total 403456K, used 277422K [0x00000000d5d00000, 0x00000000f3580000, 0x0000000100000000)
  eden space 397824K, 68% used [0x00000000d5d00000,0x00000000e6694b60,0x00000000ee180000)
  from space 5632K, 97% used [0x00000000ef200000,0x00000000ef756f88,0x00000000ef780000)
  to   space 35840K, 0% used [0x00000000f1280000,0x00000000f1280000,0x00000000f3580000)
 ParOldGen       total 190976K, used 128284K [0x0000000081600000, 0x000000008d080000, 0x00000000d5d00000)
  object space 190976K, 67% used [0x0000000081600000,0x0000000089347110,0x000000008d080000)
 Metaspace       used 84123K, capacity 85162K, committed 85336K, reserved 1124352K
  class space    used 9826K, capacity 10091K, committed 10112K, reserved 1048576K

Card table byte_map: [0x0000000011d10000,0x0000000012110000] byte_map_base: 0x0000000011905000

Marking Bits: (ParMarkBitMap*) 0x000000006fe3a6c0
 Begin Bits: [0x0000000012fe0000, 0x0000000014f88000)
 End Bits:   [0x0000000014f88000, 0x0000000016f30000)

Polling page: 0x0000000000420000

CodeCache: size=245760Kb used=36213Kb max_used=36215Kb free=209547Kb
 bounds [0x0000000002950000, 0x0000000004ce0000, 0x0000000011950000]
 total_blobs=10318 nmethods=9364 adapters=865
 compilation: enabled

Compilation events (10 events):
Event: 1279.496 Thread 0x0000000058f61000 11887       3       sun.util.locale.BaseLocale::equals (71 bytes)
Event: 1279.496 Thread 0x0000000058f61000 nmethod 11887 0x0000000004cdc310 code [0x0000000004cdc480, 0x0000000004cdc950]
Event: 1279.497 Thread 0x0000000058f61000 11888       3       org.apache.catalina.core.StandardPipeline::getFirst (17 bytes)
Event: 1279.497 Thread 0x0000000058f61000 nmethod 11888 0x0000000004cdbf90 code [0x0000000004cdc0e0, 0x0000000004cdc270]
Event: 1279.501 Thread 0x0000000058f61000 11889       3       org.apache.catalina.loader.WebappClassLoaderBase::checkStateForResourceLoading (49 bytes)
Event: 1279.501 Thread 0x0000000058f61000 nmethod 11889 0x0000000004cdb3d0 code [0x0000000004cdb5a0, 0x0000000004cdbc88]
Event: 1279.504 Thread 0x0000000058f54800 11890  s    4       java.beans.PropertyDescriptor::setReadMethod (64 bytes)
Event: 1279.516 Thread 0x0000000058f61000 11891       3       org.springframework.core.OrderComparator::getOrder (111 bytes)
Event: 1279.517 Thread 0x0000000058f61000 nmethod 11891 0x0000000004cda610 code [0x0000000004cda800, 0x0000000004cdb098]
Event: 1279.562 Thread 0x0000000058f61000 11892       3       org.springframework.util.AntPathMatcher::doMatch (629 bytes)

GC Heap History (10 events):
Event: 849.400 GC heap before
{Heap before GC invocations=24 (full 3):
 PSYoungGen      total 507904K, used 497403K [0x00000000d5d00000, 0x00000000f9400000, 0x0000000100000000)
  eden space 491520K, 100% used [0x00000000d5d00000,0x00000000f3d00000,0x00000000f3d00000)
  from space 16384K, 35% used [0x00000000f8400000,0x00000000f89befa8,0x00000000f9400000)
  to   space 44544K, 0% used [0x00000000f3d00000,0x00000000f3d00000,0x00000000f6880000)
 ParOldGen       total 190976K, used 128244K [0x0000000081600000, 0x000000008d080000, 0x00000000d5d00000)
  object space 190976K, 67% used [0x0000000081600000,0x000000008933d110,0x000000008d080000)
 Metaspace       used 83094K, capacity 84138K, committed 84568K, reserved 1124352K
  class space    used 9746K, capacity 10027K, committed 10112K, reserved 1048576K
Event: 849.407 GC heap after
Heap after GC invocations=24 (full 3):
 PSYoungGen      total 476672K, used 5195K [0x00000000d5d00000, 0x00000000f8480000, 0x0000000100000000)
  eden space 471040K, 0% used [0x00000000d5d00000,0x00000000d5d00000,0x00000000f2900000)
  from space 5632K, 92% used [0x00000000f3d00000,0x00000000f4212f98,0x00000000f4280000)
  to   space 43008K, 0% used [0x00000000f5a80000,0x00000000f5a80000,0x00000000f8480000)
 ParOldGen       total 190976K, used 128252K [0x0000000081600000, 0x000000008d080000, 0x00000000d5d00000)
  object space 190976K, 67% used [0x0000000081600000,0x000000008933f110,0x000000008d080000)
 Metaspace       used 83094K, capacity 84138K, committed 84568K, reserved 1124352K
  class space    used 9746K, capacity 10027K, committed 10112K, reserved 1048576K
}
Event: 939.032 GC heap before
{Heap before GC invocations=25 (full 3):
 PSYoungGen      total 476672K, used 476235K [0x00000000d5d00000, 0x00000000f8480000, 0x0000000100000000)
  eden space 471040K, 100% used [0x00000000d5d00000,0x00000000f2900000,0x00000000f2900000)
  from space 5632K, 92% used [0x00000000f3d00000,0x00000000f4212f98,0x00000000f4280000)
  to   space 43008K, 0% used [0x00000000f5a80000,0x00000000f5a80000,0x00000000f8480000)
 ParOldGen       total 190976K, used 128252K [0x0000000081600000, 0x000000008d080000, 0x00000000d5d00000)
  object space 190976K, 67% used [0x0000000081600000,0x000000008933f110,0x000000008d080000)
 Metaspace       used 83131K, capacity 84202K, committed 84568K, reserved 1124352K
  class space    used 9746K, capacity 10027K, committed 10112K, reserved 1048576K
Event: 939.040 GC heap after
Heap after GC invocations=25 (full 3):
 PSYoungGen      total 463360K, used 6523K [0x00000000d5d00000, 0x00000000f6600000, 0x0000000100000000)
  eden space 451584K, 0% used [0x00000000d5d00000,0x00000000d5d00000,0x00000000f1600000)
  from space 11776K, 55% used [0x00000000f5a80000,0x00000000f60def78,0x00000000f6600000)
  to   space 40960K, 0% used [0x00000000f1600000,0x00000000f1600000,0x00000000f3e00000)
 ParOldGen       total 190976K, used 128260K [0x0000000081600000, 0x000000008d080000, 0x00000000d5d00000)
  object space 190976K, 67% used [0x0000000081600000,0x0000000089341110,0x000000008d080000)
 Metaspace       used 83131K, capacity 84202K, committed 84568K, reserved 1124352K
  class space    used 9746K, capacity 10027K, committed 10112K, reserved 1048576K
}
Event: 1025.391 GC heap before
{Heap before GC invocations=26 (full 3):
 PSYoungGen      total 463360K, used 458107K [0x00000000d5d00000, 0x00000000f6600000, 0x0000000100000000)
  eden space 451584K, 100% used [0x00000000d5d00000,0x00000000f1600000,0x00000000f1600000)
  from space 11776K, 55% used [0x00000000f5a80000,0x00000000f60def78,0x00000000f6600000)
  to   space 40960K, 0% used [0x00000000f1600000,0x00000000f1600000,0x00000000f3e00000)
 ParOldGen       total 190976K, used 128260K [0x0000000081600000, 0x000000008d080000, 0x00000000d5d00000)
  object space 190976K, 67% used [0x0000000081600000,0x0000000089341110,0x000000008d080000)
 Metaspace       used 83156K, capacity 84202K, committed 84568K, reserved 1124352K
  class space    used 9746K, capacity 10027K, committed 10112K, reserved 1048576K
Event: 1025.402 GC heap after
Heap after GC invocations=26 (full 3):
 PSYoungGen      total 439296K, used 6315K [0x00000000d5d00000, 0x00000000f5b00000, 0x0000000100000000)
  eden space 432640K, 0% used [0x00000000d5d00000,0x00000000d5d00000,0x00000000f0380000)
  from space 6656K, 94% used [0x00000000f1600000,0x00000000f1c2af68,0x00000000f1c80000)
  to   space 38912K, 0% used [0x00000000f3500000,0x00000000f3500000,0x00000000f5b00000)
 ParOldGen       total 190976K, used 128268K [0x0000000081600000, 0x000000008d080000, 0x00000000d5d00000)
  object space 190976K, 67% used [0x0000000081600000,0x0000000089343110,0x000000008d080000)
 Metaspace       used 83156K, capacity 84202K, committed 84568K, reserved 1124352K
  class space    used 9746K, capacity 10027K, committed 10112K, reserved 1048576K
}
Event: 1108.719 GC heap before
{Heap before GC invocations=27 (full 3):
 PSYoungGen      total 439296K, used 438955K [0x00000000d5d00000, 0x00000000f5b00000, 0x0000000100000000)
  eden space 432640K, 100% used [0x00000000d5d00000,0x00000000f0380000,0x00000000f0380000)
  from space 6656K, 94% used [0x00000000f1600000,0x00000000f1c2af68,0x00000000f1c80000)
  to   space 38912K, 0% used [0x00000000f3500000,0x00000000f3500000,0x00000000f5b00000)
 ParOldGen       total 190976K, used 128268K [0x0000000081600000, 0x000000008d080000, 0x00000000d5d00000)
  object space 190976K, 67% used [0x0000000081600000,0x0000000089343110,0x000000008d080000)
 Metaspace       used 83181K, capacity 84266K, committed 84568K, reserved 1124352K
  class space    used 9746K, capacity 10027K, committed 10112K, reserved 1048576K
Event: 1108.728 GC heap after
Heap after GC invocations=27 (full 3):
 PSYoungGen      total 420864K, used 5547K [0x00000000d5d00000, 0x00000000f3b00000, 0x0000000100000000)
  eden space 414720K, 0% used [0x00000000d5d00000,0x00000000d5d00000,0x00000000ef200000)
  from space 6144K, 90% used [0x00000000f3500000,0x00000000f3a6af78,0x00000000f3b00000)
  to   space 37376K, 0% used [0x00000000ef200000,0x00000000ef200000,0x00000000f1680000)
 ParOldGen       total 190976K, used 128276K [0x0000000081600000, 0x000000008d080000, 0x00000000d5d00000)
  object space 190976K, 67% used [0x0000000081600000,0x0000000089345110,0x000000008d080000)
 Metaspace       used 83181K, capacity 84266K, committed 84568K, reserved 1124352K
  class space    used 9746K, capacity 10027K, committed 10112K, reserved 1048576K
}
Event: 1213.104 GC heap before
{Heap before GC invocations=28 (full 3):
 PSYoungGen      total 420864K, used 420267K [0x00000000d5d00000, 0x00000000f3b00000, 0x0000000100000000)
  eden space 414720K, 100% used [0x00000000d5d00000,0x00000000ef200000,0x00000000ef200000)
  from space 6144K, 90% used [0x00000000f3500000,0x00000000f3a6af78,0x00000000f3b00000)
  to   space 37376K, 0% used [0x00000000ef200000,0x00000000ef200000,0x00000000f1680000)
 ParOldGen       total 190976K, used 128276K [0x0000000081600000, 0x000000008d080000, 0x00000000d5d00000)
  object space 190976K, 67% used [0x0000000081600000,0x0000000089345110,0x000000008d080000)
 Metaspace       used 83312K, capacity 84394K, committed 84824K, reserved 1124352K
  class space    used 9746K, capacity 10027K, committed 10112K, reserved 1048576K
Event: 1213.110 GC heap after
Heap after GC invocations=28 (full 3):
 PSYoungGen      total 403456K, used 5467K [0x00000000d5d00000, 0x00000000f3580000, 0x0000000100000000)
  eden space 397824K, 0% used [0x00000000d5d00000,0x00000000d5d00000,0x00000000ee180000)
  from space 5632K, 97% used [0x00000000ef200000,0x00000000ef756f88,0x00000000ef780000)
  to   space 35840K, 0% used [0x00000000f1280000,0x00000000f1280000,0x00000000f3580000)
 ParOldGen       total 190976K, used 128284K [0x0000000081600000, 0x000000008d080000, 0x00000000d5d00000)
  object space 190976K, 67% used [0x0000000081600000,0x0000000089347110,0x000000008d080000)
 Metaspace       used 83312K, capacity 84394K, committed 84824K, reserved 1124352K
  class space    used 9746K, capacity 10027K, committed 10112K, reserved 1048576K
}

Deoptimization events (10 events):
Event: 22.151 Thread 0x000000005bbac000 Uncommon trap: reason=unstable_if action=reinterpret pc=0x0000000003bfb4ac method=java.lang.AbstractStringBuilder.append(Z)Ljava/lang/AbstractStringBuilder; @ 1
Event: 22.238 Thread 0x000000005bbac000 Uncommon trap: reason=unstable_if action=reinterpret pc=0x00000000032732ec method=org.springframework.util.ConcurrentReferenceHashMap$Segment.restructureIfNecessary(Z)V @ 33
Event: 726.443 Thread 0x000000005bbb4800 Uncommon trap: reason=unstable_if action=reinterpret pc=0x0000000002d3d010 method=java.util.concurrent.ConcurrentHashMap.addCount(JI)V @ 34
Event: 736.455 Thread 0x000000005bbb4000 Uncommon trap: reason=unstable_if action=reinterpret pc=0x00000000040c66e8 method=java.util.concurrent.ConcurrentHashMap.addCount(JI)V @ 7
Event: 736.455 Thread 0x000000005bbb4800 Uncommon trap: reason=unstable_if action=reinterpret pc=0x00000000040c66e8 method=java.util.concurrent.ConcurrentHashMap.addCount(JI)V @ 7
Event: 746.465 Thread 0x000000005bbb4800 Uncommon trap: reason=unstable_if action=reinterpret pc=0x00000000031542c8 method=java.util.concurrent.ConcurrentHashMap.sumCount()J @ 11
Event: 1279.237 Thread 0x000000005df8f800 Uncommon trap: reason=unstable_if action=reinterpret pc=0x0000000003512ec0 method=sun.nio.ch.WindowsSelectorImpl$SubSelector.processFDSet(J[IIZ)I @ 11
Event: 1279.237 Thread 0x000000005df8f800 Uncommon trap: reason=unstable_if action=reinterpret pc=0x0000000004bad388 method=org.apache.tomcat.util.collections.SynchronizedQueue.poll()Ljava/lang/Object; @ 8
Event: 1279.382 Thread 0x000000005df92800 Uncommon trap: reason=unstable_if action=reinterpret pc=0x000000000491ee94 method=java.lang.ThreadLocal.set(Ljava/lang/Object;)V @ 11
Event: 1279.534 Thread 0x000000005df92800 Uncommon trap: reason=null_check action=make_not_entrant pc=0x00000000049d04d4 method=java.beans.PropertyDescriptor.findPropertyType(Ljava/lang/reflect/Method;Ljava/lang/reflect/Method;)Ljava/lang/Class; @ 157

Internal exceptions (10 events):
Event: 1279.511 Thread 0x000000005df92800 Exception <a 'java/lang/ClassNotFoundException': org/springframework/web/servlet/theme/AbstractThemeResolverCustomizer> (0x00000000e62aa6a0) thrown at [C:\re\workspace\8-2-build-windows-amd64-cygwin\jdk8u111\7883\hotspot\src\share\vm\classfile\systemDicti
Event: 1279.513 Thread 0x000000005df92800 Exception <a 'java/lang/ClassNotFoundException': org/springframework/web/servlet/theme/FixedThemeResolverCustomizer> (0x00000000e62e84d0) thrown at [C:\re\workspace\8-2-build-windows-amd64-cygwin\jdk8u111\7883\hotspot\src\share\vm\classfile\systemDictiona
Event: 1279.515 Thread 0x000000005df92800 Exception <a 'java/lang/ClassNotFoundException': org/springframework/web/servlet/ThemeResolverCustomizer> (0x00000000e631faf8) thrown at [C:\re\workspace\8-2-build-windows-amd64-cygwin\jdk8u111\7883\hotspot\src\share\vm\classfile\systemDictionary.cpp, lin
Event: 1279.520 Thread 0x000000005df92800 Exception <a 'java/lang/ClassNotFoundException': java/lang/ObjectCustomizer> (0x00000000e634b068) thrown at [C:\re\workspace\8-2-build-windows-amd64-cygwin\jdk8u111\7883\hotspot\src\share\vm\classfile\systemDictionary.cpp, line 210]
Event: 1279.522 Thread 0x000000005df92800 Exception <a 'java/lang/ClassNotFoundException': org/springframework/web/servlet/view/DefaultRequestToViewNameTranslatorCustomizer> (0x00000000e63936b0) thrown at [C:\re\workspace\8-2-build-windows-amd64-cygwin\jdk8u111\7883\hotspot\src\share\vm\classfile
Event: 1279.524 Thread 0x000000005df92800 Exception <a 'java/lang/ClassNotFoundException': org/springframework/web/servlet/RequestToViewNameTranslatorCustomizer> (0x00000000e63e2b60) thrown at [C:\re\workspace\8-2-build-windows-amd64-cygwin\jdk8u111\7883\hotspot\src\share\vm\classfile\systemDicti
Event: 1279.532 Thread 0x000000005df92800 Exception <a 'java/lang/ClassNotFoundException': java/lang/ObjectCustomizer> (0x00000000e6438480) thrown at [C:\re\workspace\8-2-build-windows-amd64-cygwin\jdk8u111\7883\hotspot\src\share\vm\classfile\systemDictionary.cpp, line 210]
Event: 1279.534 Thread 0x000000005df92800 Exception <a 'java/lang/ClassNotFoundException': org/springframework/web/servlet/support/AbstractFlashMapManagerCustomizer> (0x00000000e647b690) thrown at [C:\re\workspace\8-2-build-windows-amd64-cygwin\jdk8u111\7883\hotspot\src\share\vm\classfile\systemD
Event: 1279.537 Thread 0x000000005df92800 Exception <a 'java/lang/ClassNotFoundException': org/springframework/web/servlet/support/SessionFlashMapManagerCustomizer> (0x00000000e64c2700) thrown at [C:\re\workspace\8-2-build-windows-amd64-cygwin\jdk8u111\7883\hotspot\src\share\vm\classfile\systemDi
Event: 1279.538 Thread 0x000000005df92800 Exception <a 'java/lang/ClassNotFoundException': org/springframework/web/servlet/FlashMapManagerCustomizer> (0x00000000e64fa510) thrown at [C:\re\workspace\8-2-build-windows-amd64-cygwin\jdk8u111\7883\hotspot\src\share\vm\classfile\systemDictionary.cpp, l

Events (10 events):
Event: 1279.559 loading class javax/faces/context/FacesContext
Event: 1279.559 loading class javax/faces/context/FacesContext done
Event: 1279.559 loading class javax/faces/context$FacesContext
Event: 1279.559 loading class javax/faces/context$FacesContext done
Event: 1279.560 loading class org/springframework/security/web/firewall/FirewalledResponse
Event: 1279.560 loading class org/springframework/security/web/firewall/FirewalledResponse done
Event: 1279.562 loading class org/springframework/security/web/FilterChainProxy$VirtualFilterChain
Event: 1279.562 loading class org/springframework/security/web/FilterChainProxy$VirtualFilterChain done
Event: 1279.563 loading class org/springframework/security/web/context/request/async/SecurityContextCallableProcessingInterceptor
Event: 1279.563 loading class org/springframework/security/web/context/request/async/SecurityContextCallableProcessingInterceptor done


Dynamic libraries:
0x000000013f780000 - 0x000000013f7b7000 	C:\Program Files\Java\jre1.8.0_111\bin\javaw.exe
0x0000000077400000 - 0x00000000775aa000 	C:\Windows\SYSTEM32\ntdll.dll
0x00000000771e0000 - 0x00000000772ff000 	C:\Windows\system32\kernel32.dll
0x000007fefd6a0000 - 0x000007fefd70a000 	C:\Windows\system32\KERNELBASE.dll
0x000007fefdce0000 - 0x000007fefddbb000 	C:\Windows\system32\ADVAPI32.dll
0x000007fefd940000 - 0x000007fefd9df000 	C:\Windows\system32\msvcrt.dll
0x000007fefd920000 - 0x000007fefd93f000 	C:\Windows\SYSTEM32\sechost.dll
0x000007fefee60000 - 0x000007fefef8d000 	C:\Windows\system32\RPCRT4.dll
0x0000000077300000 - 0x00000000773fa000 	C:\Windows\system32\USER32.dll
0x000007fefddf0000 - 0x000007fefde57000 	C:\Windows\system32\GDI32.dll
0x000007fefdfc0000 - 0x000007fefdfce000 	C:\Windows\system32\LPK.dll
0x000007fefd9e0000 - 0x000007fefdaa9000 	C:\Windows\system32\USP10.dll
0x000007fefbd90000 - 0x000007fefbf84000 	C:\Windows\WinSxS\amd64_microsoft.windows.common-controls_6595b64144ccf1df_6.0.7601.17514_none_fa396087175ac9ac\COMCTL32.dll
0x000007feff430000 - 0x000007feff4a1000 	C:\Windows\system32\SHLWAPI.dll
0x000007fefddc0000 - 0x000007fefddee000 	C:\Windows\system32\IMM32.DLL
0x000007fefefa0000 - 0x000007feff0a9000 	C:\Windows\system32\MSCTF.dll
0x0000000058ca0000 - 0x0000000058d72000 	C:\Program Files\Java\jre1.8.0_111\bin\msvcr100.dll
0x000000006f620000 - 0x000000006feba000 	C:\Program Files\Java\jre1.8.0_111\bin\server\jvm.dll
0x000007fef8fd0000 - 0x000007fef8fd9000 	C:\Windows\system32\WSOCK32.dll
0x000007fefdc90000 - 0x000007fefdcdd000 	C:\Windows\system32\WS2_32.dll
0x000007fefef90000 - 0x000007fefef98000 	C:\Windows\system32\NSI.dll
0x000007fefb340000 - 0x000007fefb37b000 	C:\Windows\system32\WINMM.dll
0x000007fefc450000 - 0x000007fefc45c000 	C:\Windows\system32\VERSION.dll
0x00000000775d0000 - 0x00000000775d7000 	C:\Windows\system32\PSAPI.DLL
0x0000000072800000 - 0x000000007280f000 	C:\Program Files\Java\jre1.8.0_111\bin\verify.dll
0x00000000727d0000 - 0x00000000727f9000 	C:\Program Files\Java\jre1.8.0_111\bin\java.dll
0x00000000727b0000 - 0x00000000727c6000 	C:\Program Files\Java\jre1.8.0_111\bin\zip.dll
0x000007fefdfd0000 - 0x000007fefed58000 	C:\Windows\system32\SHELL32.dll
0x000007fefd710000 - 0x000007fefd913000 	C:\Windows\system32\ole32.dll
0x000007fefd300000 - 0x000007fefd30f000 	C:\Windows\system32\profapi.dll
0x0000000071d60000 - 0x0000000071d6d000 	C:\Program Files\Java\jre1.8.0_111\bin\management.dll
0x0000000072790000 - 0x00000000727aa000 	C:\Program Files\Java\jre1.8.0_111\bin\net.dll
0x000007fefcb30000 - 0x000007fefcb85000 	C:\Windows\system32\mswsock.dll
0x000007fefcb20000 - 0x000007fefcb27000 	C:\Windows\System32\wship6.dll
0x0000000070d00000 - 0x0000000070d11000 	C:\Program Files\Java\jre1.8.0_111\bin\nio.dll
0x000007fefb380000 - 0x000007fefb395000 	C:\Windows\system32\NLAapi.dll
0x000007fef2020000 - 0x000007fef2035000 	C:\Windows\system32\napinsp.dll
0x000007fef1cd0000 - 0x000007fef1ce9000 	C:\Windows\system32\pnrpnsp.dll
0x000007fef2010000 - 0x000007fef2020000 	C:\Windows\system32\wshbth.dll
0x000007fefc9b0000 - 0x000007fefca0b000 	C:\Windows\system32\DNSAPI.dll
0x000007fef1c90000 - 0x000007fef1c9b000 	C:\Windows\System32\winrnr.dll
0x000007fefc520000 - 0x000007fefc527000 	C:\Windows\System32\wshtcpip.dll
0x000007fefa4e0000 - 0x000007fefa507000 	C:\Windows\system32\IPHLPAPI.DLL
0x000007fefa4d0000 - 0x000007fefa4db000 	C:\Windows\system32\WINNSI.DLL
0x000007fef97d0000 - 0x000007fef97d8000 	C:\Windows\system32\rasadhlp.dll
0x000007fefa380000 - 0x000007fefa3d3000 	C:\Windows\System32\fwpuclnt.dll
0x000007fefcb90000 - 0x000007fefcba7000 	C:\Windows\system32\CRYPTSP.dll
0x000007fefc890000 - 0x000007fefc8d7000 	C:\Windows\system32\rsaenh.dll
0x000007fefc630000 - 0x000007fefc64e000 	C:\Windows\system32\USERENV.dll
0x000007fefd230000 - 0x000007fefd23f000 	C:\Windows\system32\CRYPTBASE.dll
0x000007fefa350000 - 0x000007fefa368000 	C:\Windows\system32\dhcpcsvc.DLL
0x000007fefa330000 - 0x000007fefa341000 	C:\Windows\system32\dhcpcsvc6.DLL
0x0000000069070000 - 0x0000000069208000 	C:\Program Files\Java\jre1.8.0_111\bin\awt.dll
0x000007fefdee0000 - 0x000007fefdfb8000 	C:\Windows\system32\OLEAUT32.dll
0x000007fefb6e0000 - 0x000007fefb6f8000 	C:\Windows\system32\DWMAPI.DLL
0x00000000023c0000 - 0x0000000002407000 	C:\Program Files\Java\jre1.8.0_111\bin\fontmanager.dll
0x0000000002410000 - 0x0000000002452000 	C:\Program Files\Java\jre1.8.0_111\bin\t2k.dll
0x0000000001ce0000 - 0x0000000001d0a000 	C:\Program Files\Java\jre1.8.0_111\bin\dcpr.dll
0x000000006a280000 - 0x000000006a2a4000 	C:\Program Files\Java\jre1.8.0_111\bin\sunec.dll

VM Arguments:
jvm_args: -Dcom.sun.management.jmxremote -Dcom.sun.management.jmxremote.port=64878 -Dcom.sun.management.jmxremote.authenticate=false -Dcom.sun.management.jmxremote.ssl=false -Dspring.liveBeansView.mbeanDomain -Dspring.application.admin.enabled=true -Dfile.encoding=UTF-8 
java_command: com.solverminds.klsm.Application --spring.output.ansi.enabled=always
java_class_path (initial): C:\Work\Project\sts tool\Mar 3-6\KLSM-Ship\target\classes;C:\Users\vinoth\.m2\repository\org\springframework\boot\spring-boot-starter-thymeleaf\1.4.2.RELEASE\spring-boot-starter-thymeleaf-1.4.2.RELEASE.jar;C:\Users\vinoth\.m2\repository\org\thymeleaf\thymeleaf-spring4\2.1.5.RELEASE\thymeleaf-spring4-2.1.5.RELEASE.jar;C:\Users\vinoth\.m2\repository\org\thymeleaf\thymeleaf\2.1.5.RELEASE\thymeleaf-2.1.5.RELEASE.jar;C:\Users\vinoth\.m2\repository\ognl\ognl\3.0.8\ognl-3.0.8.jar;C:\Users\vinoth\.m2\repository\org\unbescape\unbescape\1.1.0.RELEASE\unbescape-1.1.0.RELEASE.jar;C:\Users\vinoth\.m2\repository\nz\net\ultraq\thymeleaf\thymeleaf-layout-dialect\1.4.0\thymeleaf-layout-dialect-1.4.0.jar;C:\Users\vinoth\.m2\repository\org\codehaus\groovy\groovy\2.4.7\groovy-2.4.7.jar;C:\Users\vinoth\.m2\repository\org\springframework\boot\spring-boot-starter\1.4.2.RELEASE\spring-boot-starter-1.4.2.RELEASE.jar;C:\Users\vinoth\.m2\repository\org\springframework\boot\spring-boot\1.4.2.RELEASE\spring-boot-1.4.2.RELEASE.jar;C:\Users\vinoth\.m2\repository\org\springframework\boot\spring-boot-autoconfigure\1.4.2.RELEASE\spring-boot-autoconfigure-1.4.2.RELEASE.jar;C:\Users\vinoth\.m2\repository\org\springframework\spring-core\4.3.4.RELEASE\spring-core-4.3.4.RELEASE.jar;C:\Users\vinoth\.m2\repository\org\yaml\snakeyaml\1.17\snakeyaml-1.17.jar;C:\Users\vinoth\.m2\repository\org\springframework\boot\spring-boot-starter-web\1.4.2.RELEASE\spring-boot-starter-web-1.4.2.RELEASE.jar;C:\Users\vinoth\.m2\repository\org\hibernate\hibernate-validator\5.2.4.Final\hibernate-validator-5.2.4.Final.jar;C:\Users\vinoth\.m2\repository\javax\validation\validation-api\1.1.0.Final\validation-api-1.1.0.Final.jar;C:\Users\vinoth\.m2\repository\com\fasterxml\classmate\1.3.3\classmate-1.3.3.jar;C:\Users\vinoth\.m2\repository\org\springframework\spring-web\4.3.4.RELEASE\spring-web-4.3.4.RELEASE.jar;C:\Users\vinoth\.m2\repository\org\springframework\spring-webmvc\4.3.4.RELEASE\spring-webmvc
Launcher Type: SUN_STANDARD

Environment Variables:
JAVA_HOME=C:\Program Files\Java\jdk1.8.0_111
JRE_HOME=C:\Program Files\Java\jre1.8.0_111
PATH=C:/Program Files/Java/jre1.8.0_111/bin/server;C:/Program Files/Java/jre1.8.0_111/bin;C:/Program Files/Java/jre1.8.0_111/lib/amd64;C:\ProgramData\Oracle\Java\javapath;C:\Windows\system32;C:\Windows;C:\Windows\System32\Wbem;C:\Windows\System32\WindowsPowerShell\v1.0\;C:\Program Files\TortoiseGit\bin;C:\Android;C:\Windows\System32;C:\Program Files (x86)\MiKTeX 2.9\miktex\bin\;C:\Program Files\Microsoft SQL Server\110\Tools\Binn\;C:\Windows\system32\config\systemprofile\.dnx\bin;C:\Program Files\Microsoft DNX\Dnvm\;C:\Program Files\Microsoft SQL Server\120\Tools\Binn\;C:\Program Files\Microsoft SQL Server\Client SDK\ODBC\110\Tools\Binn\;C:\Program Files (x86)\Microsoft SQL Server\120\Tools\Binn\;C:\Program Files\Microsoft SQL Server\120\DTS\Binn\;C:\Program Files (x86)\Microsoft SQL Server\120\Tools\Binn\ManagementStudio\;C:\Program Files (x86)\Microsoft SQL Server\120\DTS\Binn\;C:\Program Files (x86)\QuickTime\QTSystem\;C:\Program Files (x86)\Windows Kits\8.1\Windows Performance Toolkit\;C:\Program Files\MySQL\MySQL Utilities 1.6\;C:\Program Files (x86)\Skype\Phone\;C:\Windows\Microsoft.NET\Framework\v3.5;C:\Program Files (x86)\Sophos\Sophos SSL VPN Client\bin;C:\Work\Project\sts tool\sts-3.8.2.RELEASE;
USERNAME=vinoth
OS=Windows_NT
PROCESSOR_IDENTIFIER=Intel64 Family 6 Model 70 Stepping 1, GenuineIntel



---------------  S Y S T E M  ---------------

OS: Windows 7 , 64 bit Build 7601 (6.1.7601.23418)

CPU:total 8 (4 cores per cpu, 2 threads per core) family 6 model 70 stepping 1, cmov, cx8, fxsr, mmx, sse, sse2, sse3, ssse3, sse4.1, sse4.2, popcnt, avx, avx2, aes, clmul, erms, lzcnt, ht, tsc, tscinvbit, bmi1, bmi2

Memory: 4k page, physical 8295096k(456832k free), swap 9443196k(4960k free)

vm_info: Java HotSpot(TM) 64-Bit Server VM (25.111-b14) for windows-amd64 JRE (1.8.0_111-b14), built on Sep 22 2016 19:24:05 by "java_re" with MS VC++ 10.0 (VS2010)

time: Sat Mar 04 06:02:21 2017
elapsed time: 1279 seconds (0d 0h 21m 19s)

