#
# There is insufficient memory for the Java Runtime Environment to continue.
# Native memory allocation (malloc) failed to allocate 876496 bytes for Chunk::new
# Possible reasons:
#   The system is out of physical RAM or swap space
#   In 32 bit mode, the process size limit was hit
# Possible solutions:
#   Reduce memory load on the system
#   Increase physical memory or swap space
#   Check if swap backing store is full
#   Use 64 bit Java on a 64 bit OS
#   Decrease Java heap size (-Xmx/-Xms)
#   Decrease number of Java threads
#   Decrease Java thread stack sizes (-Xss)
#   Set larger code cache with -XX:ReservedCodeCacheSize=
# This output file may be truncated or incomplete.
#
#  Out of Memory Error (allocation.cpp:390), pid=1052, tid=0x0000000000001f18
#
# JRE version: Java(TM) SE Runtime Environment (8.0_111-b14) (build 1.8.0_111-b14)
# Java VM: Java HotSpot(TM) 64-Bit Server VM (25.111-b14 mixed mode windows-amd64 compressed oops)
# Failed to write core dump. Minidumps are not enabled by default on client versions of Windows
#

---------------  T H R E A D  ---------------

Current thread (0x0000000018c05000):  JavaThread "C2 CompilerThread1" daemon [_thread_in_native, id=7960, stack(0x000000001a310000,0x000000001a410000)]

Stack: [0x000000001a310000,0x000000001a410000]
[error occurred during error reporting (printing stack bounds), id 0xc0000005]

Native frames: (J=compiled Java code, j=interpreted, Vv=VM code, C=native code)


Current CompileTask:
C2:  15623 6287   !   4       java.net.URL::<init> (543 bytes)


---------------  P R O C E S S  ---------------

Java Threads: ( => current thread )
  0x0000000022eb3800 JavaThread "Abandoned connection cleanup thread" daemon [_thread_blocked, id=6528, stack(0x0000000023db0000,0x0000000023eb0000)]
  0x0000000022bc4000 JavaThread "container-0" [_thread_blocked, id=2752, stack(0x0000000023c60000,0x0000000023d60000)]
  0x000000001b63d800 JavaThread "ContainerBackgroundProcessor[StandardEngine[Tomcat]]" daemon [_thread_blocked, id=7736, stack(0x0000000023a10000,0x0000000023b10000)]
  0x00000000223c4000 JavaThread "localhost-startStop-1" daemon [_thread_blocked, id=8624, stack(0x0000000023420000,0x0000000023520000)]
  0x00000000224a9800 JavaThread "Tomcat-startStop-1" daemon [_thread_blocked, id=1036, stack(0x000000001dc60000,0x000000001dd60000)]
  0x000000001cb53000 JavaThread "restartedMain" [_thread_in_native, id=1612, stack(0x000000001dda0000,0x000000001dea0000)]
  0x000000001cb50000 JavaThread "Thread-1" [_thread_blocked, id=8844, stack(0x000000001db30000,0x000000001dc30000)]
  0x000000001b634000 JavaThread "RMI TCP Accept-0" daemon [_thread_in_native, id=8960, stack(0x000000001c830000,0x000000001c930000)]
  0x000000001b5fe800 JavaThread "RMI TCP Accept-55973" daemon [_thread_in_native, id=4648, stack(0x000000001c620000,0x000000001c720000)]
  0x000000001b687000 JavaThread "RMI TCP Accept-0" daemon [_thread_in_native, id=8152, stack(0x000000001c4f0000,0x000000001c5f0000)]
  0x0000000018c93000 JavaThread "Service Thread" daemon [_thread_blocked, id=8908, stack(0x000000001a8e0000,0x000000001a9e0000)]
  0x0000000018c34000 JavaThread "C1 CompilerThread3" daemon [_thread_blocked, id=6096, stack(0x000000001a6d0000,0x000000001a7d0000)]
  0x0000000018c0e000 JavaThread "C2 CompilerThread2" daemon [_thread_in_native, id=3656, stack(0x000000001a480000,0x000000001a580000)]
=>0x0000000018c05000 JavaThread "C2 CompilerThread1" daemon [_thread_in_native, id=7960, stack(0x000000001a310000,0x000000001a410000)]
  0x0000000018bff000 JavaThread "C2 CompilerThread0" daemon [_thread_in_native, id=4552, stack(0x000000001a200000,0x000000001a300000)]
  0x0000000018bfc000 JavaThread "Attach Listener" daemon [_thread_blocked, id=9084, stack(0x0000000019fd0000,0x000000001a0d0000)]
  0x0000000018bfb000 JavaThread "Signal Dispatcher" daemon [_thread_blocked, id=9056, stack(0x0000000019e80000,0x0000000019f80000)]
  0x0000000017c5c800 JavaThread "Finalizer" daemon [_thread_blocked, id=7376, stack(0x0000000019d70000,0x0000000019e70000)]
  0x0000000017c54000 JavaThread "Reference Handler" daemon [_thread_blocked, id=8132, stack(0x0000000019b20000,0x0000000019c20000)]
  0x000000000219d800 JavaThread "main" [_thread_blocked, id=4232, stack(0x0000000002480000,0x0000000002580000)]

Other Threads:
  0x0000000018ba2800 VMThread [stack: 0x0000000019c60000,0x0000000019d60000] [id=4596]
  0x000000001b613000 WatcherThread [stack: 0x000000001a9f0000,0x000000001aaf0000] [id=8676]

VM state:not at safepoint (normal execution)

VM Mutex/Monitor currently owned by a thread: None

Heap:
 PSYoungGen      total 247808K, used 27895K [0x00000000d5d00000, 0x00000000eba80000, 0x0000000100000000)
  eden space 230400K, 4% used [0x00000000d5d00000,0x00000000d6744c00,0x00000000e3e00000)
  from space 17408K, 99% used [0x00000000e3e00000,0x00000000e4ef9250,0x00000000e4f00000)
  to   space 36352K, 0% used [0x00000000e9700000,0x00000000e9700000,0x00000000eba80000)
 ParOldGen       total 105472K, used 67547K [0x0000000081600000, 0x0000000087d00000, 0x00000000d5d00000)
  object space 105472K, 64% used [0x0000000081600000,0x00000000857f6d18,0x0000000087d00000)
 Metaspace       used 52923K, capacity 53494K, committed 54144K, reserved 1097728K
  class space    used 6548K, capacity 6691K, committed 6784K, reserved 1048576K

Card table byte_map: [0x0000000011c10000,0x0000000012010000] byte_map_base: 0x0000000011805000

Marking Bits: (ParMarkBitMap*) 0x0000000052c8a6c0
 Begin Bits: [0x0000000012f10000, 0x0000000014eb8000)
 End Bits:   [0x0000000014eb8000, 0x0000000016e60000)

Polling page: 0x0000000000430000

CodeCache: size=245760Kb used=21236Kb max_used=21236Kb free=224523Kb
 bounds [0x0000000002850000, 0x0000000003d30000, 0x0000000011850000]
 total_blobs=5989 nmethods=5457 adapters=444
 compilation: enabled

Compilation events (10 events):
Event: 15.599 Thread 0x0000000018c34000 6330       3       antlr.CommonAST::setType (6 bytes)
Event: 15.599 Thread 0x0000000018c34000 nmethod 6330 0x0000000003d22410 code [0x0000000003d22560, 0x0000000003d226b0]
Event: 15.599 Thread 0x0000000018c34000 6323       1       antlr.CommonToken::getText (5 bytes)
Event: 15.599 Thread 0x0000000018c34000 nmethod 6323 0x0000000003d22750 code [0x0000000003d228a0, 0x0000000003d229b0]
Event: 15.599 Thread 0x0000000018c34000 6324       1       antlr.ANTLRStringBuffer::getBuffer (5 bytes)
Event: 15.599 Thread 0x0000000018c34000 nmethod 6324 0x0000000003d22a10 code [0x0000000003d22b60, 0x0000000003d22c70]
Event: 15.599 Thread 0x0000000018c34000 6325       3       sun.reflect.AccessorGenerator::getClassName (184 bytes)
Event: 15.601 Thread 0x0000000018c34000 nmethod 6325 0x0000000003d22cd0 code [0x0000000003d23020, 0x0000000003d24a58]
Event: 15.613 Thread 0x0000000018c34000 6331       2       java.net.URLStreamHandler::hostsEqual (75 bytes)
Event: 15.614 Thread 0x0000000018c34000 nmethod 6331 0x0000000003d25250 code [0x0000000003d253e0, 0x0000000003d25678]

GC Heap History (10 events):
Event: 9.329 GC heap before
{Heap before GC invocations=11 (full 1):
 PSYoungGen      total 204288K, used 110875K [0x00000000d5d00000, 0x00000000e5e00000, 0x0000000100000000)
  eden space 191488K, 51% used [0x00000000d5d00000,0x00000000dbccd5d0,0x00000000e1800000)
  from space 12800K, 99% used [0x00000000e1800000,0x00000000e24799a8,0x00000000e2480000)
  to   space 15360K, 0% used [0x00000000e4f00000,0x00000000e4f00000,0x00000000e5e00000)
 ParOldGen       total 67584K, used 14746K [0x0000000081600000, 0x0000000085800000, 0x00000000d5d00000)
  object space 67584K, 21% used [0x0000000081600000,0x0000000082466868,0x0000000085800000)
 Metaspace       used 34669K, capacity 35080K, committed 35416K, reserved 1081344K
  class space    used 4384K, capacity 4502K, committed 4608K, reserved 1048576K
Event: 9.346 GC heap after
Heap after GC invocations=11 (full 1):
 PSYoungGen      total 245760K, used 14821K [0x00000000d5d00000, 0x00000000e6180000, 0x0000000100000000)
  eden space 230400K, 0% used [0x00000000d5d00000,0x00000000d5d00000,0x00000000e3e00000)
  from space 15360K, 96% used [0x00000000e4f00000,0x00000000e5d794f8,0x00000000e5e00000)
  to   space 17408K, 0% used [0x00000000e3e00000,0x00000000e3e00000,0x00000000e4f00000)
 ParOldGen       total 67584K, used 14754K [0x0000000081600000, 0x0000000085800000, 0x00000000d5d00000)
  object space 67584K, 21% used [0x0000000081600000,0x0000000082468868,0x0000000085800000)
 Metaspace       used 34669K, capacity 35080K, committed 35416K, reserved 1081344K
  class space    used 4384K, capacity 4502K, committed 4608K, reserved 1048576K
}
Event: 9.346 GC heap before
{Heap before GC invocations=12 (full 2):
 PSYoungGen      total 245760K, used 14821K [0x00000000d5d00000, 0x00000000e6180000, 0x0000000100000000)
  eden space 230400K, 0% used [0x00000000d5d00000,0x00000000d5d00000,0x00000000e3e00000)
  from space 15360K, 96% used [0x00000000e4f00000,0x00000000e5d794f8,0x00000000e5e00000)
  to   space 17408K, 0% used [0x00000000e3e00000,0x00000000e3e00000,0x00000000e4f00000)
 ParOldGen       total 67584K, used 14754K [0x0000000081600000, 0x0000000085800000, 0x00000000d5d00000)
  object space 67584K, 21% used [0x0000000081600000,0x0000000082468868,0x0000000085800000)
 Metaspace       used 34669K, capacity 35080K, committed 35416K, reserved 1081344K
  class space    used 4384K, capacity 4502K, committed 4608K, reserved 1048576K
Event: 9.438 GC heap after
Heap after GC invocations=12 (full 2):
 PSYoungGen      total 245760K, used 0K [0x00000000d5d00000, 0x00000000e6180000, 0x0000000100000000)
  eden space 230400K, 0% used [0x00000000d5d00000,0x00000000d5d00000,0x00000000e3e00000)
  from space 15360K, 0% used [0x00000000e4f00000,0x00000000e4f00000,0x00000000e5e00000)
  to   space 17408K, 0% used [0x00000000e3e00000,0x00000000e3e00000,0x00000000e4f00000)
 ParOldGen       total 105472K, used 22936K [0x0000000081600000, 0x0000000087d00000, 0x00000000d5d00000)
  object space 105472K, 21% used [0x0000000081600000,0x0000000082c663d8,0x0000000087d00000)
 Metaspace       used 34669K, capacity 35080K, committed 35416K, reserved 1081344K
  class space    used 4384K, capacity 4502K, committed 4608K, reserved 1048576K
}
Event: 10.278 GC heap before
{Heap before GC invocations=13 (full 2):
 PSYoungGen      total 245760K, used 230400K [0x00000000d5d00000, 0x00000000e6180000, 0x0000000100000000)
  eden space 230400K, 100% used [0x00000000d5d00000,0x00000000e3e00000,0x00000000e3e00000)
  from space 15360K, 0% used [0x00000000e4f00000,0x00000000e4f00000,0x00000000e5e00000)
  to   space 17408K, 0% used [0x00000000e3e00000,0x00000000e3e00000,0x00000000e4f00000)
 ParOldGen       total 105472K, used 22936K [0x0000000081600000, 0x0000000087d00000, 0x00000000d5d00000)
  object space 105472K, 21% used [0x0000000081600000,0x0000000082c663d8,0x0000000087d00000)
 Metaspace       used 36711K, capacity 37108K, committed 37336K, reserved 1081344K
  class space    used 4608K, capacity 4728K, committed 4736K, reserved 1048576K
Event: 10.320 GC heap after
Heap after GC invocations=13 (full 2):
 PSYoungGen      total 247808K, used 17396K [0x00000000d5d00000, 0x00000000e6180000, 0x0000000100000000)
  eden space 230400K, 0% used [0x00000000d5d00000,0x00000000d5d00000,0x00000000e3e00000)
  from space 17408K, 99% used [0x00000000e3e00000,0x00000000e4efd228,0x00000000e4f00000)
  to   space 15360K, 0% used [0x00000000e4f00000,0x00000000e4f00000,0x00000000e5e00000)
 ParOldGen       total 105472K, used 41032K [0x0000000081600000, 0x0000000087d00000, 0x00000000d5d00000)
  object space 105472K, 38% used [0x0000000081600000,0x0000000083e12170,0x0000000087d00000)
 Metaspace       used 36711K, capacity 37108K, committed 37336K, reserved 1081344K
  class space    used 4608K, capacity 4728K, committed 4736K, reserved 1048576K
}
Event: 14.117 GC heap before
{Heap before GC invocations=14 (full 2):
 PSYoungGen      total 247808K, used 247796K [0x00000000d5d00000, 0x00000000e6180000, 0x0000000100000000)
  eden space 230400K, 100% used [0x00000000d5d00000,0x00000000e3e00000,0x00000000e3e00000)
  from space 17408K, 99% used [0x00000000e3e00000,0x00000000e4efd228,0x00000000e4f00000)
  to   space 15360K, 0% used [0x00000000e4f00000,0x00000000e4f00000,0x00000000e5e00000)
 ParOldGen       total 105472K, used 41032K [0x0000000081600000, 0x0000000087d00000, 0x00000000d5d00000)
  object space 105472K, 38% used [0x0000000081600000,0x0000000083e12170,0x0000000087d00000)
 Metaspace       used 46529K, capacity 47054K, committed 47616K, reserved 1091584K
  class space    used 5916K, capacity 6071K, committed 6144K, reserved 1048576K
Event: 14.154 GC heap after
Heap after GC invocations=14 (full 2):
 PSYoungGen      total 245760K, used 15355K [0x00000000d5d00000, 0x00000000e6180000, 0x0000000100000000)
  eden space 230400K, 0% used [0x00000000d5d00000,0x00000000d5d00000,0x00000000e3e00000)
  from space 15360K, 99% used [0x00000000e4f00000,0x00000000e5dfef48,0x00000000e5e00000)
  to   space 17408K, 0% used [0x00000000e3e00000,0x00000000e3e00000,0x00000000e4f00000)
 ParOldGen       total 105472K, used 48990K [0x0000000081600000, 0x0000000087d00000, 0x00000000d5d00000)
  object space 105472K, 46% used [0x0000000081600000,0x00000000845d7b18,0x0000000087d00000)
 Metaspace       used 46529K, capacity 47054K, committed 47616K, reserved 1091584K
  class space    used 5916K, capacity 6071K, committed 6144K, reserved 1048576K
}
Event: 15.477 GC heap before
{Heap before GC invocations=15 (full 2):
 PSYoungGen      total 245760K, used 245755K [0x00000000d5d00000, 0x00000000e6180000, 0x0000000100000000)
  eden space 230400K, 100% used [0x00000000d5d00000,0x00000000e3e00000,0x00000000e3e00000)
  from space 15360K, 99% used [0x00000000e4f00000,0x00000000e5dfef48,0x00000000e5e00000)
  to   space 17408K, 0% used [0x00000000e3e00000,0x00000000e3e00000,0x00000000e4f00000)
 ParOldGen       total 105472K, used 48990K [0x0000000081600000, 0x0000000087d00000, 0x00000000d5d00000)
  object space 105472K, 46% used [0x0000000081600000,0x00000000845d7b18,0x0000000087d00000)
 Metaspace       used 52137K, capacity 52638K, committed 52992K, reserved 1095680K
  class space    used 6462K, capacity 6623K, committed 6656K, reserved 1048576K
Event: 15.509 GC heap after
Heap after GC invocations=15 (full 2):
 PSYoungGen      total 247808K, used 17380K [0x00000000d5d00000, 0x00000000eba80000, 0x0000000100000000)
  eden space 230400K, 0% used [0x00000000d5d00000,0x00000000d5d00000,0x00000000e3e00000)
  from space 17408K, 99% used [0x00000000e3e00000,0x00000000e4ef9250,0x00000000e4f00000)
  to   space 36352K, 0% used [0x00000000e9700000,0x00000000e9700000,0x00000000eba80000)
 ParOldGen       total 105472K, used 67547K [0x0000000081600000, 0x0000000087d00000, 0x00000000d5d00000)
  object space 105472K, 64% used [0x0000000081600000,0x00000000857f6d18,0x0000000087d00000)
 Metaspace       used 52137K, capacity 52638K, committed 52992K, reserved 1095680K
  class space    used 6462K, capacity 6623K, committed 6656K, reserved 1048576K
}

Deoptimization events (10 events):
Event: 15.420 Thread 0x000000001cb53000 Uncommon trap: reason=unstable_if action=reinterpret pc=0x0000000002eeed50 method=java.util.StringTokenizer.scanToken(I)I @ 96
Event: 15.420 Thread 0x000000001cb53000 Uncommon trap: reason=unstable_if action=reinterpret pc=0x0000000002bdc260 method=java.util.StringTokenizer.scanToken(I)I @ 96
Event: 15.462 Thread 0x000000001cb53000 Uncommon trap: reason=bimorphic action=maybe_recompile pc=0x0000000003516bac method=java.util.Hashtable.addEntry(ILjava/lang/Object;Ljava/lang/Object;I)V @ 38
Event: 15.462 Thread 0x000000001cb53000 Uncommon trap: reason=bimorphic action=maybe_recompile pc=0x0000000003516bac method=java.util.Hashtable.addEntry(ILjava/lang/Object;Ljava/lang/Object;I)V @ 38
Event: 15.462 Thread 0x000000001cb53000 Uncommon trap: reason=bimorphic action=maybe_recompile pc=0x0000000003516bac method=java.util.Hashtable.addEntry(ILjava/lang/Object;Ljava/lang/Object;I)V @ 38
Event: 15.470 Thread 0x000000001cb53000 Uncommon trap: reason=unstable_if action=reinterpret pc=0x0000000002995e00 method=java.lang.CharacterData.of(I)Ljava/lang/CharacterData; @ 4
Event: 15.567 Thread 0x000000001cb53000 Uncommon trap: reason=unstable_if action=reinterpret pc=0x0000000002efc238 method=java.lang.String.indexOf([CII[CIII)I @ 27
Event: 15.567 Thread 0x000000001cb53000 Uncommon trap: reason=unstable_if action=reinterpret pc=0x0000000002bd8378 method=java.lang.String.indexOf([CII[CIII)I @ 27
Event: 15.585 Thread 0x000000001cb53000 Uncommon trap: reason=bimorphic action=maybe_recompile pc=0x0000000003517778 method=java.util.Hashtable.addEntry(ILjava/lang/Object;Ljava/lang/Object;I)V @ 38
Event: 15.588 Thread 0x000000001cb53000 Uncommon trap: reason=unstable_if action=reinterpret pc=0x0000000002a60b68 method=java.lang.String.indexOf([CII[CIII)I @ 27

Internal exceptions (10 events):
Event: 11.514 Thread 0x000000001cb53000 Exception <a 'java/lang/ClassNotFoundException': java/io/SerializableCustomizer> (0x00000000dda31250) thrown at [C:\re\workspace\8-2-build-windows-amd64-cygwin\jdk8u111\7883\hotspot\src\share\vm\classfile\systemDictionary.cpp, line 210]
Event: 11.522 Thread 0x000000001cb53000 Exception <a 'java/security/PrivilegedActionException'> (0x00000000ddb34850) thrown at [C:\re\workspace\8-2-build-windows-amd64-cygwin\jdk8u111\7883\hotspot\src\share\vm\prims\jvm.cpp, line 1386]
Event: 11.522 Thread 0x000000001cb53000 Exception <a 'java/security/PrivilegedActionException'> (0x00000000ddb34c48) thrown at [C:\re\workspace\8-2-build-windows-amd64-cygwin\jdk8u111\7883\hotspot\src\share\vm\prims\jvm.cpp, line 1386]
Event: 12.335 Thread 0x000000001cb53000 Exception <a 'java/security/PrivilegedActionException'> (0x00000000df155310) thrown at [C:\re\workspace\8-2-build-windows-amd64-cygwin\jdk8u111\7883\hotspot\src\share\vm\prims\jvm.cpp, line 1386]
Event: 12.335 Thread 0x000000001cb53000 Exception <a 'java/security/PrivilegedActionException'> (0x00000000df155708) thrown at [C:\re\workspace\8-2-build-windows-amd64-cygwin\jdk8u111\7883\hotspot\src\share\vm\prims\jvm.cpp, line 1386]
Event: 14.235 Thread 0x000000001cb53000 Implicit null exception at 0x00000000038edee6 to 0x00000000038ee019
Event: 14.359 Thread 0x000000001cb53000 Exception <a 'java/security/PrivilegedActionException'> (0x00000000d73390b0) thrown at [C:\re\workspace\8-2-build-windows-amd64-cygwin\jdk8u111\7883\hotspot\src\share\vm\prims\jvm.cpp, line 1386]
Event: 14.359 Thread 0x000000001cb53000 Exception <a 'java/security/PrivilegedActionException'> (0x00000000d73394a8) thrown at [C:\re\workspace\8-2-build-windows-amd64-cygwin\jdk8u111\7883\hotspot\src\share\vm\prims\jvm.cpp, line 1386]
Event: 14.359 Thread 0x000000001cb53000 Exception <a 'java/security/PrivilegedActionException'> (0x00000000d7347298) thrown at [C:\re\workspace\8-2-build-windows-amd64-cygwin\jdk8u111\7883\hotspot\src\share\vm\prims\jvm.cpp, line 1386]
Event: 14.359 Thread 0x000000001cb53000 Exception <a 'java/security/PrivilegedActionException'> (0x00000000d7347690) thrown at [C:\re\workspace\8-2-build-windows-amd64-cygwin\jdk8u111\7883\hotspot\src\share\vm\prims\jvm.cpp, line 1386]

Events (10 events):
Event: 15.613 loading class org/hibernate/jpa/graph/internal/AbstractGraphNode
Event: 15.613 loading class org/hibernate/jpa/graph/internal/AbstractGraphNode done
Event: 15.614 loading class org/hibernate/graph/spi/GraphNodeImplementor
Event: 15.614 loading class org/hibernate/graph/spi/GraphNodeImplementor done
Event: 15.614 loading class org/hibernate/jpa/spi/HibernateEntityManagerFactoryAware
Event: 15.614 loading class org/hibernate/jpa/spi/HibernateEntityManagerFactoryAware done
Event: 15.614 loading class org/hibernate/jpa/graph/internal/EntityGraphImpl
Event: 15.614 loading class org/hibernate/jpa/graph/internal/EntityGraphImpl done
Event: 15.615 loading class javax/persistence/EntityGraph
Event: 15.615 loading class javax/persistence/EntityGraph done


Dynamic libraries:
0x000000013fac0000 - 0x000000013faf7000 	C:\Program Files\Java\jre1.8.0_111\bin\javaw.exe
0x0000000076f00000 - 0x00000000770aa000 	C:\Windows\SYSTEM32\ntdll.dll
0x0000000076ce0000 - 0x0000000076dff000 	C:\Windows\system32\kernel32.dll
0x000007fefceb0000 - 0x000007fefcf1a000 	C:\Windows\system32\KERNELBASE.dll
0x000007fefe490000 - 0x000007fefe56b000 	C:\Windows\system32\ADVAPI32.dll
0x000007fefef50000 - 0x000007fefefef000 	C:\Windows\system32\msvcrt.dll
0x000007fefef10000 - 0x000007fefef2f000 	C:\Windows\SYSTEM32\sechost.dll
0x000007fefe870000 - 0x000007fefe99d000 	C:\Windows\system32\RPCRT4.dll
0x0000000076e00000 - 0x0000000076efa000 	C:\Windows\system32\USER32.dll
0x000007feff100000 - 0x000007feff167000 	C:\Windows\system32\GDI32.dll
0x000007fefe860000 - 0x000007fefe86e000 	C:\Windows\system32\LPK.dll
0x000007fefec50000 - 0x000007fefed19000 	C:\Windows\system32\USP10.dll
0x000007fefb890000 - 0x000007fefba84000 	C:\Windows\WinSxS\amd64_microsoft.windows.common-controls_6595b64144ccf1df_6.0.7601.17514_none_fa396087175ac9ac\COMCTL32.dll
0x000007fefe1b0000 - 0x000007fefe221000 	C:\Windows\system32\SHLWAPI.dll
0x000007fefe570000 - 0x000007fefe59e000 	C:\Windows\system32\IMM32.DLL
0x000007fefeff0000 - 0x000007feff0f9000 	C:\Windows\system32\MSCTF.dll
0x000000005b7b0000 - 0x000000005b882000 	C:\Program Files\Java\jre1.8.0_111\bin\msvcr100.dll
0x0000000052470000 - 0x0000000052d0a000 	C:\Program Files\Java\jre1.8.0_111\bin\server\jvm.dll
0x000007fef8ad0000 - 0x000007fef8ad9000 	C:\Windows\system32\WSOCK32.dll
0x000007fefe0e0000 - 0x000007fefe12d000 	C:\Windows\system32\WS2_32.dll
0x000007fefdfa0000 - 0x000007fefdfa8000 	C:\Windows\system32\NSI.dll
0x000007fefae30000 - 0x000007fefae6b000 	C:\Windows\system32\WINMM.dll
0x000007fefbf50000 - 0x000007fefbf5c000 	C:\Windows\system32\VERSION.dll
0x00000000770d0000 - 0x00000000770d7000 	C:\Windows\system32\PSAPI.DLL
0x000000006af80000 - 0x000000006af8f000 	C:\Program Files\Java\jre1.8.0_111\bin\verify.dll
0x000000006a2d0000 - 0x000000006a2f9000 	C:\Program Files\Java\jre1.8.0_111\bin\java.dll
0x000000006af60000 - 0x000000006af76000 	C:\Program Files\Java\jre1.8.0_111\bin\zip.dll
0x000007fefd210000 - 0x000007fefdf98000 	C:\Windows\system32\SHELL32.dll
0x000007fefea40000 - 0x000007fefec43000 	C:\Windows\system32\ole32.dll
0x000007fefce00000 - 0x000007fefce0f000 	C:\Windows\system32\profapi.dll
0x0000000069310000 - 0x000000006931d000 	C:\Program Files\Java\jre1.8.0_111\bin\management.dll
0x000000006a2b0000 - 0x000000006a2ca000 	C:\Program Files\Java\jre1.8.0_111\bin\net.dll
0x000007fefc630000 - 0x000007fefc685000 	C:\Windows\system32\mswsock.dll
0x000007fefc620000 - 0x000007fefc627000 	C:\Windows\System32\wship6.dll
0x0000000069e30000 - 0x0000000069e41000 	C:\Program Files\Java\jre1.8.0_111\bin\nio.dll
0x000007fefae70000 - 0x000007fefae85000 	C:\Windows\system32\NLAapi.dll
0x000007fef1b20000 - 0x000007fef1b35000 	C:\Windows\system32\napinsp.dll
0x000007fef17d0000 - 0x000007fef17e9000 	C:\Windows\system32\pnrpnsp.dll
0x000007fef1b10000 - 0x000007fef1b20000 	C:\Windows\system32\wshbth.dll
0x000007fefc4b0000 - 0x000007fefc50b000 	C:\Windows\system32\DNSAPI.dll
0x000007fef1790000 - 0x000007fef179b000 	C:\Windows\System32\winrnr.dll
0x000007fefc020000 - 0x000007fefc027000 	C:\Windows\System32\wshtcpip.dll
0x000007fefa020000 - 0x000007fefa047000 	C:\Windows\system32\IPHLPAPI.DLL
0x000007fefa010000 - 0x000007fefa01b000 	C:\Windows\system32\WINNSI.DLL
0x000007fef92d0000 - 0x000007fef92d8000 	C:\Windows\system32\rasadhlp.dll
0x000007fef9e80000 - 0x000007fef9ed3000 	C:\Windows\System32\fwpuclnt.dll
0x000007fefc690000 - 0x000007fefc6a7000 	C:\Windows\system32\CRYPTSP.dll
0x000007fefc390000 - 0x000007fefc3d7000 	C:\Windows\system32\rsaenh.dll
0x000007fefc130000 - 0x000007fefc14e000 	C:\Windows\system32\USERENV.dll
0x000007fefcd30000 - 0x000007fefcd3f000 	C:\Windows\system32\CRYPTBASE.dll
0x000007fef9e50000 - 0x000007fef9e68000 	C:\Windows\system32\dhcpcsvc.DLL
0x000007fef9e30000 - 0x000007fef9e41000 	C:\Windows\system32\dhcpcsvc6.DLL

VM Arguments:
jvm_args: -Dcom.sun.management.jmxremote -Dcom.sun.management.jmxremote.port=55973 -Dcom.sun.management.jmxremote.authenticate=false -Dcom.sun.management.jmxremote.ssl=false -Dspring.liveBeansView.mbeanDomain -Dspring.application.admin.enabled=true -Dfile.encoding=UTF-8 
java_command: com.solverminds.klsm.Application --spring.output.ansi.enabled=always
java_class_path (initial): C:\Work\Project\sts tool\Feb 16\KLSM-UI-Ship\target\classes;C:\Users\vinoth\.m2\repository\org\springframework\boot\spring-boot-starter-thymeleaf\1.4.2.RELEASE\spring-boot-starter-thymeleaf-1.4.2.RELEASE.jar;C:\Users\vinoth\.m2\repository\org\thymeleaf\thymeleaf-spring4\2.1.5.RELEASE\thymeleaf-spring4-2.1.5.RELEASE.jar;C:\Users\vinoth\.m2\repository\org\thymeleaf\thymeleaf\2.1.5.RELEASE\thymeleaf-2.1.5.RELEASE.jar;C:\Users\vinoth\.m2\repository\ognl\ognl\3.0.8\ognl-3.0.8.jar;C:\Users\vinoth\.m2\repository\org\unbescape\unbescape\1.1.0.RELEASE\unbescape-1.1.0.RELEASE.jar;C:\Users\vinoth\.m2\repository\nz\net\ultraq\thymeleaf\thymeleaf-layout-dialect\1.4.0\thymeleaf-layout-dialect-1.4.0.jar;C:\Users\vinoth\.m2\repository\org\codehaus\groovy\groovy\2.4.7\groovy-2.4.7.jar;C:\Users\vinoth\.m2\repository\org\springframework\boot\spring-boot-starter\1.4.2.RELEASE\spring-boot-starter-1.4.2.RELEASE.jar;C:\Users\vinoth\.m2\repository\org\springframework\boot\spring-boot\1.4.2.RELEASE\spring-boot-1.4.2.RELEASE.jar;C:\Users\vinoth\.m2\repository\org\springframework\boot\spring-boot-autoconfigure\1.4.2.RELEASE\spring-boot-autoconfigure-1.4.2.RELEASE.jar;C:\Users\vinoth\.m2\repository\org\springframework\spring-core\4.3.4.RELEASE\spring-core-4.3.4.RELEASE.jar;C:\Users\vinoth\.m2\repository\org\yaml\snakeyaml\1.17\snakeyaml-1.17.jar;C:\Users\vinoth\.m2\repository\org\springframework\boot\spring-boot-starter-web\1.4.2.RELEASE\spring-boot-starter-web-1.4.2.RELEASE.jar;C:\Users\vinoth\.m2\repository\org\hibernate\hibernate-validator\5.2.4.Final\hibernate-validator-5.2.4.Final.jar;C:\Users\vinoth\.m2\repository\javax\validation\validation-api\1.1.0.Final\validation-api-1.1.0.Final.jar;C:\Users\vinoth\.m2\repository\com\fasterxml\classmate\1.3.3\classmate-1.3.3.jar;C:\Users\vinoth\.m2\repository\org\springframework\spring-web\4.3.4.RELEASE\spring-web-4.3.4.RELEASE.jar;C:\Users\vinoth\.m2\repository\org\springframework\spring-webmvc\4.3.4.RELEASE\spring-webm
Launcher Type: SUN_STANDARD

Environment Variables:
JAVA_HOME=C:\Program Files\Java\jdk1.8.0_111
JRE_HOME=C:\Program Files\Java\jre1.8.0_111
PATH=C:/Program Files/Java/jre1.8.0_111/bin/server;C:/Program Files/Java/jre1.8.0_111/bin;C:/Program Files/Java/jre1.8.0_111/lib/amd64;C:\ProgramData\Oracle\Java\javapath;C:\Windows\system32;C:\Windows;C:\Windows\System32\Wbem;C:\Windows\System32\WindowsPowerShell\v1.0\;C:\Program Files\TortoiseGit\bin;C:\Android;C:\Windows\System32;C:\Program Files (x86)\MiKTeX 2.9\miktex\bin\;C:\Program Files\Microsoft SQL Server\110\Tools\Binn\;C:\Windows\system32\config\systemprofile\.dnx\bin;C:\Program Files\Microsoft DNX\Dnvm\;C:\Program Files\Microsoft SQL Server\120\Tools\Binn\;C:\Program Files\Microsoft SQL Server\Client SDK\ODBC\110\Tools\Binn\;C:\Program Files (x86)\Microsoft SQL Server\120\Tools\Binn\;C:\Program Files\Microsoft SQL Server\120\DTS\Binn\;C:\Program Files (x86)\Microsoft SQL Server\120\Tools\Binn\ManagementStudio\;C:\Program Files (x86)\Microsoft SQL Server\120\DTS\Binn\;C:\Program Files (x86)\QuickTime\QTSystem\;C:\Program Files (x86)\Windows Kits\8.1\Windows Performance Toolkit\;C:\Program Files (x86)\Skype\Phone\;C:\Program Files\MySQL\MySQL Utilities 1.6\;C:\Windows\Microsoft.NET\Framework\v3.5;C:\Program Files (x86)\Sophos\Sophos SSL VPN Client\bin;C:\Work\Project\sts tool\sts-3.8.2.RELEASE;
USERNAME=vinoth
OS=Windows_NT
PROCESSOR_IDENTIFIER=Intel64 Family 6 Model 70 Stepping 1, GenuineIntel



---------------  S Y S T E M  ---------------

OS: Windows 7 , 64 bit Build 7601 (6.1.7601.23418)

CPU:total 8 (4 cores per cpu, 2 threads per core) family 6 model 70 stepping 1, cmov, cx8, fxsr, mmx, sse, sse2, sse3, ssse3, sse4.1, sse4.2, popcnt, avx, avx2, aes, clmul, erms, lzcnt, ht, tsc, tscinvbit, bmi1, bmi2

Memory: 4k page, physical 8295096k(178532k free), swap 9500636k(7236k free)

vm_info: Java HotSpot(TM) 64-Bit Server VM (25.111-b14) for windows-amd64 JRE (1.8.0_111-b14), built on Sep 22 2016 19:24:05 by "java_re" with MS VC++ 10.0 (VS2010)

time: Thu Feb 16 20:10:54 2017
elapsed time: 15 seconds (0d 0h 0m 15s)

